ERROR - 2024-10-29 21:26:21 --> Email: Unable to send email using SMTP. Your server might not be configured to send mail using this method.
ERROR - 2024-10-29 21:26:21 --> 220 smtp.gmail.com ESMTP d9443c01a7336-210bc04575esm70795575ad.235 - gsmtp

hello: 250-smtp.gmail.com at your service, [181.164.211.92]
250-SIZE 35882577
250-8BITMIME
250-STARTTLS
250-ENHANCEDSTATUSCODES
250-PIPELINING
250-CHUNKING
250 SMTPUTF8

starttls: 220 2.0.0 Ready to start TLS

hello: 250-smtp.gmail.com at your service, [181.164.211.92]
250-SIZE 35882577
250-8BITMIME
250-AUTH LOGIN PLAIN XOAUTH2 PLAIN-CLIENTTOKEN OAUTHBEARER XOAUTH
250-ENHANCEDSTATUSCODES
250-PIPELINING
250-CHUNKING
250 SMTPUTF8

Failed to authenticate password. Error: 535-5.7.8 Username and Password not accepted. For more information, go to
535 5.7.8  https://support.google.com/mail/?p=BadCredentials d9443c01a7336-210bc04575esm70795575ad.235 - gsmtp

ERROR - 2024-10-29 21:26:42 --> Email: Unable to send email using SMTP. Your server might not be configured to send mail using this method.
ERROR - 2024-10-29 21:26:42 --> 220 smtp.gmail.com ESMTP d2e1a72fcca58-7205794f9a1sm8287932b3a.90 - gsmtp

hello: 250-smtp.gmail.com at your service, [181.164.211.92]
250-SIZE 35882577
250-8BITMIME
250-STARTTLS
250-ENHANCEDSTATUSCODES
250-PIPELINING
250-CHUNKING
250 SMTPUTF8

starttls: 220 2.0.0 Ready to start TLS

hello: 250-smtp.gmail.com at your service, [181.164.211.92]
250-SIZE 35882577
250-8BITMIME
250-AUTH LOGIN PLAIN XOAUTH2 PLAIN-CLIENTTOKEN OAUTHBEARER XOAUTH
250-ENHANCEDSTATUSCODES
250-PIPELINING
250-CHUNKING
250 SMTPUTF8

Failed to authenticate password. Error: 535-5.7.8 Username and Password not accepted. For more information, go to
535 5.7.8  https://support.google.com/mail/?p=BadCredentials d2e1a72fcca58-7205794f9a1sm8287932b3a.90 - gsmtp

ERROR - 2024-10-29 21:26:49 --> Email: Unable to send email using SMTP. Your server might not be configured to send mail using this method.
ERROR - 2024-10-29 21:26:49 --> 220 smtp.gmail.com ESMTP d9443c01a7336-210bbf46373sm70922915ad.54 - gsmtp

hello: 250-smtp.gmail.com at your service, [181.164.211.92]
250-SIZE 35882577
250-8BITMIME
250-STARTTLS
250-ENHANCEDSTATUSCODES
250-PIPELINING
250-CHUNKING
250 SMTPUTF8

starttls: 220 2.0.0 Ready to start TLS

hello: 250-smtp.gmail.com at your service, [181.164.211.92]
250-SIZE 35882577
250-8BITMIME
250-AUTH LOGIN PLAIN XOAUTH2 PLAIN-CLIENTTOKEN OAUTHBEARER XOAUTH
250-ENHANCEDSTATUSCODES
250-PIPELINING
250-CHUNKING
250 SMTPUTF8

Failed to authenticate password. Error: 535-5.7.8 Username and Password not accepted. For more information, go to
535 5.7.8  https://support.google.com/mail/?p=BadCredentials d9443c01a7336-210bbf46373sm70922915ad.54 - gsmtp

ERROR - 2024-10-29 21:43:54 --> Email: Unable to send email using SMTP. Your server might not be configured to send mail using this method.
ERROR - 2024-10-29 21:43:54 --> 220 smtp.gmail.com ESMTP d9443c01a7336-210bc012fabsm71098495ad.152 - gsmtp

hello: 250-smtp.gmail.com at your service, [181.164.211.92]
250-SIZE 35882577
250-8BITMIME
250-STARTTLS
250-ENHANCEDSTATUSCODES
250-PIPELINING
250-CHUNKING
250 SMTPUTF8

starttls: 220 2.0.0 Ready to start TLS

hello: 250-smtp.gmail.com at your service, [181.164.211.92]
250-SIZE 35882577
250-8BITMIME
250-AUTH LOGIN PLAIN XOAUTH2 PLAIN-CLIENTTOKEN OAUTHBEARER XOAUTH
250-ENHANCEDSTATUSCODES
250-PIPELINING
250-CHUNKING
250 SMTPUTF8

Failed to authenticate password. Error: 535-5.7.8 Username and Password not accepted. For more information, go to
535 5.7.8  https://support.google.com/mail/?p=BadCredentials d9443c01a7336-210bc012fabsm71098495ad.152 - gsmtp

ERROR - 2024-10-29 21:45:58 --> Email: Unable to send email using SMTP. Your server might not be configured to send mail using this method.
ERROR - 2024-10-29 21:45:58 --> 220 smtp.gmail.com ESMTP d2e1a72fcca58-720757322d5sm5298349b3a.91 - gsmtp

hello: 250-smtp.gmail.com at your service, [181.164.211.92]
250-SIZE 35882577
250-8BITMIME
250-STARTTLS
250-ENHANCEDSTATUSCODES
250-PIPELINING
250-CHUNKING
250 SMTPUTF8

starttls: 220 2.0.0 Ready to start TLS

hello: 250-smtp.gmail.com at your service, [181.164.211.92]
250-SIZE 35882577
250-8BITMIME
250-AUTH LOGIN PLAIN XOAUTH2 PLAIN-CLIENTTOKEN OAUTHBEARER XOAUTH
250-ENHANCEDSTATUSCODES
250-PIPELINING
250-CHUNKING
250 SMTPUTF8

Failed to authenticate password. Error: 535-5.7.8 Username and Password not accepted. For more information, go to
535 5.7.8  https://support.google.com/mail/?p=BadCredentials d2e1a72fcca58-720757322d5sm5298349b3a.91 - gsmtp

ERROR - 2024-10-29 21:47:09 --> Email: Unable to send email using SMTP. Your server might not be configured to send mail using this method.
ERROR - 2024-10-29 21:47:09 --> 220 smtp.gmail.com ESMTP d2e1a72fcca58-7205791e4a5sm8047098b3a.36 - gsmtp

hello: 250-smtp.gmail.com at your service, [181.164.211.92]
250-SIZE 35882577
250-8BITMIME
250-STARTTLS
250-ENHANCEDSTATUSCODES
250-PIPELINING
250-CHUNKING
250 SMTPUTF8

starttls: 220 2.0.0 Ready to start TLS

hello: 250-smtp.gmail.com at your service, [181.164.211.92]
250-SIZE 35882577
250-8BITMIME
250-AUTH LOGIN PLAIN XOAUTH2 PLAIN-CLIENTTOKEN OAUTHBEARER XOAUTH
250-ENHANCEDSTATUSCODES
250-PIPELINING
250-CHUNKING
250 SMTPUTF8

Failed to authenticate password. Error: 535-5.7.8 Username and Password not accepted. For more information, go to
535 5.7.8  https://support.google.com/mail/?p=BadCredentials d2e1a72fcca58-7205791e4a5sm8047098b3a.36 - gsmtp

ERROR - 2024-10-29 21:59:59 --> Email: Unable to send email using SMTP. Your server might not be configured to send mail using this method.
ERROR - 2024-10-29 21:59:59 --> 220 smtp.gmail.com ESMTP 98e67ed59e1d1-2e9201b65f7sm1264936a91.0 - gsmtp

hello: 250-smtp.gmail.com at your service, [181.164.211.92]
250-SIZE 35882577
250-8BITMIME
250-STARTTLS
250-ENHANCEDSTATUSCODES
250-PIPELINING
250-CHUNKING
250 SMTPUTF8

starttls: 220 2.0.0 Ready to start TLS

hello: 250-smtp.gmail.com at your service, [181.164.211.92]
250-SIZE 35882577
250-8BITMIME
250-AUTH LOGIN PLAIN XOAUTH2 PLAIN-CLIENTTOKEN OAUTHBEARER XOAUTH
250-ENHANCEDSTATUSCODES
250-PIPELINING
250-CHUNKING
250 SMTPUTF8

Failed to authenticate password. Error: 535-5.7.8 Username and Password not accepted. For more information, go to
535 5.7.8  https://support.google.com/mail/?p=BadCredentials 98e67ed59e1d1-2e9201b65f7sm1264936a91.0 - gsmtp

ERROR - 2024-10-29 22:01:20 --> Email: Unable to send email using SMTP. Your server might not be configured to send mail using this method.
ERROR - 2024-10-29 22:01:20 --> 220 smtp.gmail.com ESMTP d9443c01a7336-210bc013462sm71175265ad.178 - gsmtp

hello: 250-smtp.gmail.com at your service, [181.164.211.92]
250-SIZE 35882577
250-8BITMIME
250-STARTTLS
250-ENHANCEDSTATUSCODES
250-PIPELINING
250-CHUNKING
250 SMTPUTF8

starttls: 220 2.0.0 Ready to start TLS

hello: 250-smtp.gmail.com at your service, [181.164.211.92]
250-SIZE 35882577
250-8BITMIME
250-AUTH LOGIN PLAIN XOAUTH2 PLAIN-CLIENTTOKEN OAUTHBEARER XOAUTH
250-ENHANCEDSTATUSCODES
250-PIPELINING
250-CHUNKING
250 SMTPUTF8

Failed to authenticate password. Error: 535-5.7.8 Username and Password not accepted. For more information, go to
535 5.7.8  https://support.google.com/mail/?p=BadCredentials d9443c01a7336-210bc013462sm71175265ad.178 - gsmtp

ERROR - 2024-10-29 22:01:58 --> Email: Unable to send email using SMTP. Your server might not be configured to send mail using this method.
ERROR - 2024-10-29 22:01:58 --> 220 smtp.gmail.com ESMTP 98e67ed59e1d1-2e92fbfb04asm130189a91.50 - gsmtp

hello: 250-smtp.gmail.com at your service, [181.164.211.92]
250-SIZE 35882577
250-8BITMIME
250-STARTTLS
250-ENHANCEDSTATUSCODES
250-PIPELINING
250-CHUNKING
250 SMTPUTF8

starttls: 220 2.0.0 Ready to start TLS

hello: 250-smtp.gmail.com at your service, [181.164.211.92]
250-SIZE 35882577
250-8BITMIME
250-AUTH LOGIN PLAIN XOAUTH2 PLAIN-CLIENTTOKEN OAUTHBEARER XOAUTH
250-ENHANCEDSTATUSCODES
250-PIPELINING
250-CHUNKING
250 SMTPUTF8

Failed to authenticate password. Error: 535-5.7.8 Username and Password not accepted. For more information, go to
535 5.7.8  https://support.google.com/mail/?p=BadCredentials 98e67ed59e1d1-2e92fbfb04asm130189a91.50 - gsmtp

ERROR - 2024-10-29 22:03:50 --> Email: Unable to send email using SMTP. Your server might not be configured to send mail using this method.
ERROR - 2024-10-29 22:03:50 --> 220 smtp.gmail.com ESMTP 98e67ed59e1d1-2e9302b7c79sm66926a91.26 - gsmtp

hello: 250-smtp.gmail.com at your service, [181.164.211.92]
250-SIZE 35882577
250-8BITMIME
250-STARTTLS
250-ENHANCEDSTATUSCODES
250-PIPELINING
250-CHUNKING
250 SMTPUTF8

starttls: 220 2.0.0 Ready to start TLS

hello: 250-smtp.gmail.com at your service, [181.164.211.92]
250-SIZE 35882577
250-8BITMIME
250-AUTH LOGIN PLAIN XOAUTH2 PLAIN-CLIENTTOKEN OAUTHBEARER XOAUTH
250-ENHANCEDSTATUSCODES
250-PIPELINING
250-CHUNKING
250 SMTPUTF8

Failed to authenticate password. Error: 535-5.7.8 Username and Password not accepted. For more information, go to
535 5.7.8  https://support.google.com/mail/?p=BadCredentials 98e67ed59e1d1-2e9302b7c79sm66926a91.26 - gsmtp

ERROR - 2024-10-29 22:04:01 --> Email: Unable to send email using SMTP. Your server might not be configured to send mail using this method.
ERROR - 2024-10-29 22:04:01 --> 220 smtp.gmail.com ESMTP d2e1a72fcca58-72057a0cfaasm8324720b3a.98 - gsmtp

hello: 250-smtp.gmail.com at your service, [181.164.211.92]
250-SIZE 35882577
250-8BITMIME
250-STARTTLS
250-ENHANCEDSTATUSCODES
250-PIPELINING
250-CHUNKING
250 SMTPUTF8

starttls: 220 2.0.0 Ready to start TLS

hello: 250-smtp.gmail.com at your service, [181.164.211.92]
250-SIZE 35882577
250-8BITMIME
250-AUTH LOGIN PLAIN XOAUTH2 PLAIN-CLIENTTOKEN OAUTHBEARER XOAUTH
250-ENHANCEDSTATUSCODES
250-PIPELINING
250-CHUNKING
250 SMTPUTF8

Failed to authenticate password. Error: 535-5.7.8 Username and Password not accepted. For more information, go to
535 5.7.8  https://support.google.com/mail/?p=BadCredentials d2e1a72fcca58-72057a0cfaasm8324720b3a.98 - gsmtp

ERROR - 2024-10-29 22:04:14 --> Email: Unable to send email using SMTP. Your server might not be configured to send mail using this method.
ERROR - 2024-10-29 22:04:14 --> 220 smtp.gmail.com ESMTP d9443c01a7336-210bbf87c1esm71318015ad.116 - gsmtp

hello: 250-smtp.gmail.com at your service, [181.164.211.92]
250-SIZE 35882577
250-8BITMIME
250-STARTTLS
250-ENHANCEDSTATUSCODES
250-PIPELINING
250-CHUNKING
250 SMTPUTF8

starttls: 220 2.0.0 Ready to start TLS

hello: 250-smtp.gmail.com at your service, [181.164.211.92]
250-SIZE 35882577
250-8BITMIME
250-AUTH LOGIN PLAIN XOAUTH2 PLAIN-CLIENTTOKEN OAUTHBEARER XOAUTH
250-ENHANCEDSTATUSCODES
250-PIPELINING
250-CHUNKING
250 SMTPUTF8

Failed to authenticate password. Error: 535-5.7.8 Username and Password not accepted. For more information, go to
535 5.7.8  https://support.google.com/mail/?p=BadCredentials d9443c01a7336-210bbf87c1esm71318015ad.116 - gsmtp

ERROR - 2024-10-29 22:04:30 --> Email: Unable to send email using SMTP. Your server might not be configured to send mail using this method.
ERROR - 2024-10-29 22:04:30 --> 220 smtp.gmail.com ESMTP d9443c01a7336-210bc0305f9sm70649825ad.228 - gsmtp

hello: 250-smtp.gmail.com at your service, [181.164.211.92]
250-SIZE 35882577
250-8BITMIME
250-STARTTLS
250-ENHANCEDSTATUSCODES
250-PIPELINING
250-CHUNKING
250 SMTPUTF8

starttls: 220 2.0.0 Ready to start TLS

hello: 250-smtp.gmail.com at your service, [181.164.211.92]
250-SIZE 35882577
250-8BITMIME
250-AUTH LOGIN PLAIN XOAUTH2 PLAIN-CLIENTTOKEN OAUTHBEARER XOAUTH
250-ENHANCEDSTATUSCODES
250-PIPELINING
250-CHUNKING
250 SMTPUTF8

Failed to authenticate password. Error: 535-5.7.8 Username and Password not accepted. For more information, go to
535 5.7.8  https://support.google.com/mail/?p=BadCredentials d9443c01a7336-210bc0305f9sm70649825ad.228 - gsmtp

