CRITICAL - 2024-09-25 20:42:23 --> ErrorException: Undefined array key "REMOTE_HOST"
[Method: POST, Route: login]
in APPPATH\Controllers\Session.php on line 60.
 1 APPPATH\Controllers\Session.php(60): CodeIgniter\Debug\Exceptions->errorHandler(2, 'Undefined array key "REMOTE_HOST"', 'C:\\xampp\\htdocs\\pagina_web\\pagina_web\\app\\Controllers\\Session.php', 60)
 2 SYSTEMPATH\CodeIgniter.php(933): App\Controllers\Session->login()
 3 SYSTEMPATH\CodeIgniter.php(509): CodeIgniter\CodeIgniter->runController(Object(App\Controllers\Session))
 4 SYSTEMPATH\CodeIgniter.php(355): CodeIgniter\CodeIgniter->handleRequest(null, Object(Config\Cache), false)
 5 SYSTEMPATH\Boot.php(325): CodeIgniter\CodeIgniter->run()
 6 SYSTEMPATH\Boot.php(67): CodeIgniter\Boot::runCodeIgniter(Object(CodeIgniter\CodeIgniter))
 7 FCPATH\index.php(56): CodeIgniter\Boot::bootWeb(Object(Config\Paths))
CRITICAL - 2024-09-25 20:44:06 --> ErrorException: Undefined array key "HTTP_CLIENT_IP"
[Method: POST, Route: login]
in APPPATH\Controllers\Session.php on line 60.
 1 APPPATH\Controllers\Session.php(60): CodeIgniter\Debug\Exceptions->errorHandler(2, 'Undefined array key "HTTP_CLIENT_IP"', 'C:\\xampp\\htdocs\\pagina_web\\pagina_web\\app\\Controllers\\Session.php', 60)
 2 SYSTEMPATH\CodeIgniter.php(933): App\Controllers\Session->login()
 3 SYSTEMPATH\CodeIgniter.php(509): CodeIgniter\CodeIgniter->runController(Object(App\Controllers\Session))
 4 SYSTEMPATH\CodeIgniter.php(355): CodeIgniter\CodeIgniter->handleRequest(null, Object(Config\Cache), false)
 5 SYSTEMPATH\Boot.php(325): CodeIgniter\CodeIgniter->run()
 6 SYSTEMPATH\Boot.php(67): CodeIgniter\Boot::runCodeIgniter(Object(CodeIgniter\CodeIgniter))
 7 FCPATH\index.php(56): CodeIgniter\Boot::bootWeb(Object(Config\Paths))
INFO - 2024-09-25 20:45:21 --> Session: Class initialized using 'CodeIgniter\Session\Handlers\FileHandler' driver.
INFO - 2024-09-25 20:45:21 --> Session: Class initialized using 'CodeIgniter\Session\Handlers\FileHandler' driver.
CRITICAL - 2024-09-25 20:45:21 --> ErrorException: unlink(C:\xampp\htdocs\pagina_web\pagina_web\writable\debugbar/debugbar_1727126722.718818.json): No such file or directory
[Method: GET, Route: /]
in SYSTEMPATH\Debug\Toolbar\Collectors\History.php on line 82.
 1 [internal function]: CodeIgniter\Debug\Exceptions->errorHandler(2, 'unlink(C:\\xampp\\htdocs\\pagina_web\\pagina_web\\writable\\debugbar/debugbar_1727126722.718818.json): No such file or directory', 'C:\\xampp\\htdocs\\pagina_web\\pagina_web\\system\\Debug\\Toolbar\\Collectors\\History.php', 82)
 2 SYSTEMPATH\Debug\Toolbar\Collectors\History.php(82): unlink('C:\\xampp\\htdocs\\pagina_web\\pagina_web\\writable\\debugbar/debugbar_1727126722.718818.json')
 3 SYSTEMPATH\Debug\Toolbar.php(518): CodeIgniter\Debug\Toolbar\Collectors\History->setFiles('1727297121.494548', 20)
 4 SYSTEMPATH\Debug\Toolbar.php(497): CodeIgniter\Debug\Toolbar->format([...], 'html')
 5 APPPATH\Config\Events.php(47): CodeIgniter\Debug\Toolbar->respond()
 6 SYSTEMPATH\Events\Events.php(155): CodeIgniter\Events\Events::Config\{closure}()
 7 SYSTEMPATH\CodeIgniter.php(340): CodeIgniter\Events\Events::trigger('pre_system')
 8 SYSTEMPATH\Boot.php(325): CodeIgniter\CodeIgniter->run()
 9 SYSTEMPATH\Boot.php(67): CodeIgniter\Boot::runCodeIgniter(Object(CodeIgniter\CodeIgniter))
10 FCPATH\index.php(56): CodeIgniter\Boot::bootWeb(Object(Config\Paths))
