<<<<<<< HEAD
CRITICAL - 2024-10-18 17:32:38 --> ErrorException: Undefined array key "ID_dispositivo"
[Method: GET, Route: devices]
in APPPATH\Views\devices.php on line 102.
 1 APPPATH\Views\devices.php(102): CodeIgniter\Debug\Exceptions->errorHandler(2, 'Undefined array key "ID_dispositivo"', 'C:\\xampp\\htdocs\\pagina_web\\pagina_web\\app\\Views\\devices.php', 102)
 2 SYSTEMPATH\View\View.php(234): include('C:\\xampp\\htdocs\\pagina_web\\pagina_web\\app\\Views\\devices.php')
 3 SYSTEMPATH\View\View.php(237): CodeIgniter\View\View->CodeIgniter\View\{closure}()
 4 SYSTEMPATH\Common.php(1169): CodeIgniter\View\View->render('devices', [], true)
 5 APPPATH\Controllers\Esp32C.php(33): view('devices', [...])
 6 SYSTEMPATH\CodeIgniter.php(933): App\Controllers\Esp32C->devices()
=======
CRITICAL - 2024-10-18 17:29:48 --> CodeIgniter\HTTP\Exceptions\HTTPException: 3 : URL rejected: Malformed input to a URL function
[Method: POST, Route: sendIR]
in SYSTEMPATH\HTTP\CURLRequest.php on line 694.
 1 SYSTEMPATH\HTTP\CURLRequest.php(694): CodeIgniter\HTTP\Exceptions\HTTPException::forCurlError('3', 'URL rejected: Malformed input to a URL function')
 2 SYSTEMPATH\HTTP\CURLRequest.php(383): CodeIgniter\HTTP\CURLRequest->sendRequest([...])
 3 SYSTEMPATH\HTTP\CURLRequest.php(152): CodeIgniter\HTTP\CURLRequest->send('POST', 'http://192.168.0.10 /sendIR')
 4 SYSTEMPATH\HTTP\CURLRequest.php(227): CodeIgniter\HTTP\CURLRequest->request('POST', 'http://192.168.0.10 /sendIR', [...])
 5 APPPATH\Controllers\Esp32C.php(149): CodeIgniter\HTTP\CURLRequest->post('http://192.168.0.10 /sendIR', [...])
 6 SYSTEMPATH\CodeIgniter.php(933): App\Controllers\Esp32C->sendIR()
 7 SYSTEMPATH\CodeIgniter.php(509): CodeIgniter\CodeIgniter->runController(Object(App\Controllers\Esp32C))
 8 SYSTEMPATH\CodeIgniter.php(355): CodeIgniter\CodeIgniter->handleRequest(null, Object(Config\Cache), false)
 9 SYSTEMPATH\Boot.php(325): CodeIgniter\CodeIgniter->run()
10 SYSTEMPATH\Boot.php(67): CodeIgniter\Boot::runCodeIgniter(Object(CodeIgniter\CodeIgniter))
11 FCPATH\index.php(56): CodeIgniter\Boot::bootWeb(Object(Config\Paths))
CRITICAL - 2024-10-18 17:29:51 --> CodeIgniter\HTTP\Exceptions\HTTPException: 3 : URL rejected: Malformed input to a URL function
[Method: POST, Route: sendIR]
in SYSTEMPATH\HTTP\CURLRequest.php on line 694.
 1 SYSTEMPATH\HTTP\CURLRequest.php(694): CodeIgniter\HTTP\Exceptions\HTTPException::forCurlError('3', 'URL rejected: Malformed input to a URL function')
 2 SYSTEMPATH\HTTP\CURLRequest.php(383): CodeIgniter\HTTP\CURLRequest->sendRequest([...])
 3 SYSTEMPATH\HTTP\CURLRequest.php(152): CodeIgniter\HTTP\CURLRequest->send('POST', 'http://192.168.0.10 /sendIR')
 4 SYSTEMPATH\HTTP\CURLRequest.php(227): CodeIgniter\HTTP\CURLRequest->request('POST', 'http://192.168.0.10 /sendIR', [...])
 5 APPPATH\Controllers\Esp32C.php(149): CodeIgniter\HTTP\CURLRequest->post('http://192.168.0.10 /sendIR', [...])
 6 SYSTEMPATH\CodeIgniter.php(933): App\Controllers\Esp32C->sendIR()
 7 SYSTEMPATH\CodeIgniter.php(509): CodeIgniter\CodeIgniter->runController(Object(App\Controllers\Esp32C))
 8 SYSTEMPATH\CodeIgniter.php(355): CodeIgniter\CodeIgniter->handleRequest(null, Object(Config\Cache), false)
 9 SYSTEMPATH\Boot.php(325): CodeIgniter\CodeIgniter->run()
10 SYSTEMPATH\Boot.php(67): CodeIgniter\Boot::runCodeIgniter(Object(CodeIgniter\CodeIgniter))
11 FCPATH\index.php(56): CodeIgniter\Boot::bootWeb(Object(Config\Paths))
CRITICAL - 2024-10-18 17:29:53 --> CodeIgniter\HTTP\Exceptions\HTTPException: 3 : URL rejected: Malformed input to a URL function
[Method: POST, Route: sendIR]
in SYSTEMPATH\HTTP\CURLRequest.php on line 694.
 1 SYSTEMPATH\HTTP\CURLRequest.php(694): CodeIgniter\HTTP\Exceptions\HTTPException::forCurlError('3', 'URL rejected: Malformed input to a URL function')
 2 SYSTEMPATH\HTTP\CURLRequest.php(383): CodeIgniter\HTTP\CURLRequest->sendRequest([...])
 3 SYSTEMPATH\HTTP\CURLRequest.php(152): CodeIgniter\HTTP\CURLRequest->send('POST', 'http://192.168.0.10 /sendIR')
 4 SYSTEMPATH\HTTP\CURLRequest.php(227): CodeIgniter\HTTP\CURLRequest->request('POST', 'http://192.168.0.10 /sendIR', [...])
 5 APPPATH\Controllers\Esp32C.php(149): CodeIgniter\HTTP\CURLRequest->post('http://192.168.0.10 /sendIR', [...])
 6 SYSTEMPATH\CodeIgniter.php(933): App\Controllers\Esp32C->sendIR()
 7 SYSTEMPATH\CodeIgniter.php(509): CodeIgniter\CodeIgniter->runController(Object(App\Controllers\Esp32C))
 8 SYSTEMPATH\CodeIgniter.php(355): CodeIgniter\CodeIgniter->handleRequest(null, Object(Config\Cache), false)
 9 SYSTEMPATH\Boot.php(325): CodeIgniter\CodeIgniter->run()
10 SYSTEMPATH\Boot.php(67): CodeIgniter\Boot::runCodeIgniter(Object(CodeIgniter\CodeIgniter))
11 FCPATH\index.php(56): CodeIgniter\Boot::bootWeb(Object(Config\Paths))
CRITICAL - 2024-10-18 17:29:57 --> CodeIgniter\HTTP\Exceptions\HTTPException: 3 : URL rejected: Malformed input to a URL function
[Method: POST, Route: sendIR]
in SYSTEMPATH\HTTP\CURLRequest.php on line 694.
 1 SYSTEMPATH\HTTP\CURLRequest.php(694): CodeIgniter\HTTP\Exceptions\HTTPException::forCurlError('3', 'URL rejected: Malformed input to a URL function')
 2 SYSTEMPATH\HTTP\CURLRequest.php(383): CodeIgniter\HTTP\CURLRequest->sendRequest([...])
 3 SYSTEMPATH\HTTP\CURLRequest.php(152): CodeIgniter\HTTP\CURLRequest->send('POST', 'http://192.168.0.10 /sendIR')
 4 SYSTEMPATH\HTTP\CURLRequest.php(227): CodeIgniter\HTTP\CURLRequest->request('POST', 'http://192.168.0.10 /sendIR', [...])
 5 APPPATH\Controllers\Esp32C.php(149): CodeIgniter\HTTP\CURLRequest->post('http://192.168.0.10 /sendIR', [...])
 6 SYSTEMPATH\CodeIgniter.php(933): App\Controllers\Esp32C->sendIR()
 7 SYSTEMPATH\CodeIgniter.php(509): CodeIgniter\CodeIgniter->runController(Object(App\Controllers\Esp32C))
 8 SYSTEMPATH\CodeIgniter.php(355): CodeIgniter\CodeIgniter->handleRequest(null, Object(Config\Cache), false)
 9 SYSTEMPATH\Boot.php(325): CodeIgniter\CodeIgniter->run()
10 SYSTEMPATH\Boot.php(67): CodeIgniter\Boot::runCodeIgniter(Object(CodeIgniter\CodeIgniter))
11 FCPATH\index.php(56): CodeIgniter\Boot::bootWeb(Object(Config\Paths))
CRITICAL - 2024-10-18 17:30:02 --> CodeIgniter\HTTP\Exceptions\HTTPException: 3 : URL rejected: Malformed input to a URL function
[Method: POST, Route: sendIR]
in SYSTEMPATH\HTTP\CURLRequest.php on line 694.
 1 SYSTEMPATH\HTTP\CURLRequest.php(694): CodeIgniter\HTTP\Exceptions\HTTPException::forCurlError('3', 'URL rejected: Malformed input to a URL function')
 2 SYSTEMPATH\HTTP\CURLRequest.php(383): CodeIgniter\HTTP\CURLRequest->sendRequest([...])
 3 SYSTEMPATH\HTTP\CURLRequest.php(152): CodeIgniter\HTTP\CURLRequest->send('POST', 'http://192.168.0.10 /sendIR')
 4 SYSTEMPATH\HTTP\CURLRequest.php(227): CodeIgniter\HTTP\CURLRequest->request('POST', 'http://192.168.0.10 /sendIR', [...])
 5 APPPATH\Controllers\Esp32C.php(149): CodeIgniter\HTTP\CURLRequest->post('http://192.168.0.10 /sendIR', [...])
 6 SYSTEMPATH\CodeIgniter.php(933): App\Controllers\Esp32C->sendIR()
>>>>>>> eafc1186b61fdbe08c176f820c236bfa80a0bb4d
 7 SYSTEMPATH\CodeIgniter.php(509): CodeIgniter\CodeIgniter->runController(Object(App\Controllers\Esp32C))
 8 SYSTEMPATH\CodeIgniter.php(355): CodeIgniter\CodeIgniter->handleRequest(null, Object(Config\Cache), false)
 9 SYSTEMPATH\Boot.php(325): CodeIgniter\CodeIgniter->run()
10 SYSTEMPATH\Boot.php(67): CodeIgniter\Boot::runCodeIgniter(Object(CodeIgniter\CodeIgniter))
11 FCPATH\index.php(56): CodeIgniter\Boot::bootWeb(Object(Config\Paths))
