CRITICAL - 2024-09-10 23:45:07 --> ErrorException: Access level to App\Models\Esp32::$table must be protected (as in class CodeIgniter\Model) or weaker
[Method: GET, Route: /]
in APPPATH\Models\Esp32.php on line 7.
 1 [internal function]: CodeIgniter\Debug\Exceptions->shutdownHandler()
CRITICAL - 2024-09-10 23:45:49 --> Error: Call to a member function table() on null
[Method: GET, Route: /]
in APPPATH\Models\Esp32.php on line 19.
 1 APPPATH\Controllers\Home.php(17): App\Models\Esp32->getEsp32byUser('4')
 2 SYSTEMPATH\CodeIgniter.php(933): App\Controllers\Home->index()
 3 SYSTEMPATH\CodeIgniter.php(509): CodeIgniter\CodeIgniter->runController(Object(App\Controllers\Home))
 4 SYSTEMPATH\CodeIgniter.php(355): CodeIgniter\CodeIgniter->handleRequest(null, Object(Config\Cache), false)
 5 SYSTEMPATH\Boot.php(325): CodeIgniter\CodeIgniter->run()
 6 SYSTEMPATH\Boot.php(67): CodeIgniter\Boot::runCodeIgniter(Object(CodeIgniter\CodeIgniter))
 7 FCPATH\index.php(56): CodeIgniter\Boot::bootWeb(Object(Config\Paths))
CRITICAL - 2024-09-10 23:45:52 --> Error: Call to a member function table() on null
[Method: GET, Route: /]
in APPPATH\Models\Esp32.php on line 19.
 1 APPPATH\Controllers\Home.php(17): App\Models\Esp32->getEsp32byUser('4')
 2 SYSTEMPATH\CodeIgniter.php(933): App\Controllers\Home->index()
 3 SYSTEMPATH\CodeIgniter.php(509): CodeIgniter\CodeIgniter->runController(Object(App\Controllers\Home))
 4 SYSTEMPATH\CodeIgniter.php(355): CodeIgniter\CodeIgniter->handleRequest(null, Object(Config\Cache), false)
 5 SYSTEMPATH\Boot.php(325): CodeIgniter\CodeIgniter->run()
 6 SYSTEMPATH\Boot.php(67): CodeIgniter\Boot::runCodeIgniter(Object(CodeIgniter\CodeIgniter))
 7 FCPATH\index.php(56): CodeIgniter\Boot::bootWeb(Object(Config\Paths))
