CRITICAL - 2024-10-03 01:41:07 --> ErrorException: fopen(C:\xampp\htdocs\pagina_web\pagina_web\writable\data/variables.csv): Failed to open stream: No such file or directory
[Method: POST, Route: new_esp/insert]
in APPPATH\Controllers\Esp32C.php on line 71.
 1 [internal function]: CodeIgniter\Debug\Exceptions->errorHandler(2, 'fopen(C:\\xampp\\htdocs\\pagina_web\\pagina_web\\writable\\data/variables.csv): Failed to open stream: No such file or directory', 'C:\\xampp\\htdocs\\pagina_web\\pagina_web\\app\\Controllers\\Esp32C.php', 71)
 2 APPPATH\Controllers\Esp32C.php(71): fopen('C:\\xampp\\htdocs\\pagina_web\\pagina_web\\writable\\data/variables.csv', 'a')
 3 SYSTEMPATH\CodeIgniter.php(933): App\Controllers\Esp32C->insertNewesp()
 4 SYSTEMPATH\CodeIgniter.php(509): CodeIgniter\CodeIgniter->runController(Object(App\Controllers\Esp32C))
 5 SYSTEMPATH\CodeIgniter.php(355): CodeIgniter\CodeIgniter->handleRequest(null, Object(Config\Cache), false)
 6 SYSTEMPATH\Boot.php(325): CodeIgniter\CodeIgniter->run()
 7 SYSTEMPATH\Boot.php(67): CodeIgniter\Boot::runCodeIgniter(Object(CodeIgniter\CodeIgniter))
 8 FCPATH\index.php(56): CodeIgniter\Boot::bootWeb(Object(Config\Paths))
CRITICAL - 2024-10-03 02:18:22 --> ErrorException: fopen(C:\xampp\htdocs\pagina_web\pagina_web\writable\data/a0:j3:09:F7): Failed to open stream: No such file or directory
[Method: POST, Route: new_esp/insert]
in APPPATH\Controllers\Esp32C.php on line 73.
 1 [internal function]: CodeIgniter\Debug\Exceptions->errorHandler(2, 'fopen(C:\\xampp\\htdocs\\pagina_web\\pagina_web\\writable\\data/a0:j3:09:F7): Failed to open stream: No such file or directory', 'C:\\xampp\\htdocs\\pagina_web\\pagina_web\\app\\Controllers\\Esp32C.php', 73)
 2 APPPATH\Controllers\Esp32C.php(73): fopen('C:\\xampp\\htdocs\\pagina_web\\pagina_web\\writable\\data/a0:j3:09:F7', 'a')
 3 SYSTEMPATH\CodeIgniter.php(933): App\Controllers\Esp32C->insertNewesp()
 4 SYSTEMPATH\CodeIgniter.php(509): CodeIgniter\CodeIgniter->runController(Object(App\Controllers\Esp32C))
 5 SYSTEMPATH\CodeIgniter.php(355): CodeIgniter\CodeIgniter->handleRequest(null, Object(Config\Cache), false)
 6 SYSTEMPATH\Boot.php(325): CodeIgniter\CodeIgniter->run()
 7 SYSTEMPATH\Boot.php(67): CodeIgniter\Boot::runCodeIgniter(Object(CodeIgniter\CodeIgniter))
 8 FCPATH\index.php(56): CodeIgniter\Boot::bootWeb(Object(Config\Paths))
CRITICAL - 2024-10-03 03:06:07 --> ErrorException: fopen(C:\xampp\htdocs\pagina_web\pagina_web\writable\data/a8:03:2a:f3:c9:7c.csv): Failed to open stream: No such file or directory
[Method: POST, Route: new_esp/insert]
in APPPATH\Controllers\Esp32C.php on line 73.
 1 [internal function]: CodeIgniter\Debug\Exceptions->errorHandler(2, 'fopen(C:\\xampp\\htdocs\\pagina_web\\pagina_web\\writable\\data/a8:03:2a:f3:c9:7c.csv): Failed to open stream: No such file or directory', 'C:\\xampp\\htdocs\\pagina_web\\pagina_web\\app\\Controllers\\Esp32C.php', 73)
 2 APPPATH\Controllers\Esp32C.php(73): fopen('C:\\xampp\\htdocs\\pagina_web\\pagina_web\\writable\\data/a8:03:2a:f3:c9:7c.csv', 'a')
 3 SYSTEMPATH\CodeIgniter.php(933): App\Controllers\Esp32C->insertNewesp()
 4 SYSTEMPATH\CodeIgniter.php(509): CodeIgniter\CodeIgniter->runController(Object(App\Controllers\Esp32C))
 5 SYSTEMPATH\CodeIgniter.php(355): CodeIgniter\CodeIgniter->handleRequest(null, Object(Config\Cache), false)
 6 SYSTEMPATH\Boot.php(325): CodeIgniter\CodeIgniter->run()
 7 SYSTEMPATH\Boot.php(67): CodeIgniter\Boot::runCodeIgniter(Object(CodeIgniter\CodeIgniter))
 8 FCPATH\index.php(56): CodeIgniter\Boot::bootWeb(Object(Config\Paths))
