CRITICAL - 2024-11-25 21:41:44 --> ErrorException: Undefined variable $permiso
[Method: POST, Route: permisos]
in APPPATH\Views\permisos.php on line 58.
 1 APPPATH\Views\permisos.php(58): CodeIgniter\Debug\Exceptions->errorHandler(2, 'Undefined variable $permiso', 'C:\\xampp\\htdocs\\pagina_web\\pagina_web\\app\\Views\\permisos.php', 58)
 2 SYSTEMPATH\View\View.php(234): include('C:\\xampp\\htdocs\\pagina_web\\pagina_web\\app\\Views\\permisos.php')
 3 SYSTEMPATH\View\View.php(237): CodeIgniter\View\View->CodeIgniter\View\{closure}()
 4 SYSTEMPATH\Common.php(1169): CodeIgniter\View\View->render('permisos', [], true)
 5 APPPATH\Controllers\Users.php(260): view('permisos', [...])
 6 SYSTEMPATH\CodeIgniter.php(933): App\Controllers\Users->administrarPermisos()
 7 SYSTEMPATH\CodeIgniter.php(509): CodeIgniter\CodeIgniter->runController(Object(App\Controllers\Users))
 8 SYSTEMPATH\CodeIgniter.php(355): CodeIgniter\CodeIgniter->handleRequest(null, Object(Config\Cache), false)
 9 SYSTEMPATH\Boot.php(325): CodeIgniter\CodeIgniter->run()
10 SYSTEMPATH\Boot.php(67): CodeIgniter\Boot::runCodeIgniter(Object(CodeIgniter\CodeIgniter))
11 FCPATH\index.php(56): CodeIgniter\Boot::bootWeb(Object(Config\Paths))
CRITICAL - 2024-11-25 21:44:06 --> ErrorException: Undefined variable $permiso
[Method: POST, Route: permisos]
in APPPATH\Views\permisos.php on line 60.
 1 APPPATH\Views\permisos.php(60): CodeIgniter\Debug\Exceptions->errorHandler(2, 'Undefined variable $permiso', 'C:\\xampp\\htdocs\\pagina_web\\pagina_web\\app\\Views\\permisos.php', 60)
 2 SYSTEMPATH\View\View.php(234): include('C:\\xampp\\htdocs\\pagina_web\\pagina_web\\app\\Views\\permisos.php')
 3 SYSTEMPATH\View\View.php(237): CodeIgniter\View\View->CodeIgniter\View\{closure}()
 4 SYSTEMPATH\Common.php(1169): CodeIgniter\View\View->render('permisos', [], true)
 5 APPPATH\Controllers\Users.php(260): view('permisos', [...])
 6 SYSTEMPATH\CodeIgniter.php(933): App\Controllers\Users->administrarPermisos()
 7 SYSTEMPATH\CodeIgniter.php(509): CodeIgniter\CodeIgniter->runController(Object(App\Controllers\Users))
 8 SYSTEMPATH\CodeIgniter.php(355): CodeIgniter\CodeIgniter->handleRequest(null, Object(Config\Cache), false)
 9 SYSTEMPATH\Boot.php(325): CodeIgniter\CodeIgniter->run()
10 SYSTEMPATH\Boot.php(67): CodeIgniter\Boot::runCodeIgniter(Object(CodeIgniter\CodeIgniter))
11 FCPATH\index.php(56): CodeIgniter\Boot::bootWeb(Object(Config\Paths))
