ERROR - 2024-10-04 17:25:39 --> mysqli_sql_exception: Unknown column 'ID_administrador' in 'field list' in C:\xampp\htdocs\pagina_web\pagina_web\system\Database\MySQLi\Connection.php:312
Stack trace:
#0 C:\xampp\htdocs\pagina_web\pagina_web\system\Database\MySQLi\Connection.php(312): mysqli->query('INSERT INTO `di...', 0)
#1 C:\xampp\htdocs\pagina_web\pagina_web\system\Database\BaseConnection.php(734): CodeIgniter\Database\MySQLi\Connection->execute('INSERT INTO `di...')
#2 C:\xampp\htdocs\pagina_web\pagina_web\system\Database\BaseConnection.php(648): CodeIgniter\Database\BaseConnection->simpleQuery('INSERT INTO `di...')
#3 C:\xampp\htdocs\pagina_web\pagina_web\system\Database\BaseBuilder.php(2340): CodeIgniter\Database\BaseConnection->query('INSERT INTO `di...', Array, false)
#4 C:\xampp\htdocs\pagina_web\pagina_web\app\Models\Esp32.php(43): CodeIgniter\Database\BaseBuilder->insert(Array)
#5 C:\xampp\htdocs\pagina_web\pagina_web\app\Controllers\Esp32C.php(103): App\Models\Esp32->insertEsp('10.81.11.242', 'aula 2', '4')
#6 C:\xampp\htdocs\pagina_web\pagina_web\system\CodeIgniter.php(933): App\Controllers\Esp32C->receiveEsp()
#7 C:\xampp\htdocs\pagina_web\pagina_web\system\CodeIgniter.php(509): CodeIgniter\CodeIgniter->runController(Object(App\Controllers\Esp32C))
#8 C:\xampp\htdocs\pagina_web\pagina_web\system\CodeIgniter.php(355): CodeIgniter\CodeIgniter->handleRequest(NULL, Object(Config\Cache), false)
#9 C:\xampp\htdocs\pagina_web\pagina_web\system\Boot.php(325): CodeIgniter\CodeIgniter->run()
#10 C:\xampp\htdocs\pagina_web\pagina_web\system\Boot.php(67): CodeIgniter\Boot::runCodeIgniter(Object(CodeIgniter\CodeIgniter))
#11 C:\xampp\htdocs\pagina_web\pagina_web\public\index.php(56): CodeIgniter\Boot::bootWeb(Object(Config\Paths))
#12 {main}
CRITICAL - 2024-10-04 17:25:39 --> CodeIgniter\Database\Exceptions\DatabaseException: Unknown column 'ID_administrador' in 'field list'
[Method: GET, Route: new_esp/receive]
in SYSTEMPATH\Database\BaseConnection.php on line 688.
 1 SYSTEMPATH\Database\BaseBuilder.php(2340): CodeIgniter\Database\BaseConnection->query('INSERT INTO `disp_esp32` (`direccion_ip`, `estado`, `ubicacion`, `ID_administrador`) VALUES (:direccion_ip:, :estado:, :ubicacion:, :ID_administrador:)', [...], false)
 2 APPPATH\Models\Esp32.php(43): CodeIgniter\Database\BaseBuilder->insert([...])
 3 APPPATH\Controllers\Esp32C.php(103): App\Models\Esp32->insertEsp('10.81.11.242', 'aula 2', '4')
 4 SYSTEMPATH\CodeIgniter.php(933): App\Controllers\Esp32C->receiveEsp()
 5 SYSTEMPATH\CodeIgniter.php(509): CodeIgniter\CodeIgniter->runController(Object(App\Controllers\Esp32C))
 6 SYSTEMPATH\CodeIgniter.php(355): CodeIgniter\CodeIgniter->handleRequest(null, Object(Config\Cache), false)
 7 SYSTEMPATH\Boot.php(325): CodeIgniter\CodeIgniter->run()
 8 SYSTEMPATH\Boot.php(67): CodeIgniter\Boot::runCodeIgniter(Object(CodeIgniter\CodeIgniter))
 9 FCPATH\index.php(56): CodeIgniter\Boot::bootWeb(Object(Config\Paths))
CRITICAL - 2024-10-04 17:25:39 --> [Caused by] CodeIgniter\Database\Exceptions\DatabaseException: Unknown column 'ID_administrador' in 'field list'
in SYSTEMPATH\Database\MySQLi\Connection.php on line 317.
 1 SYSTEMPATH\Database\BaseConnection.php(734): CodeIgniter\Database\MySQLi\Connection->execute('INSERT INTO `disp_esp32` (`direccion_ip`, `estado`, `ubicacion`, `ID_administrador`) VALUES (\'10.81.11.242\', 1, \'aula 2\', \'4\')')
 2 SYSTEMPATH\Database\BaseConnection.php(648): CodeIgniter\Database\BaseConnection->simpleQuery('INSERT INTO `disp_esp32` (`direccion_ip`, `estado`, `ubicacion`, `ID_administrador`) VALUES (\'10.81.11.242\', 1, \'aula 2\', \'4\')')
 3 SYSTEMPATH\Database\BaseBuilder.php(2340): CodeIgniter\Database\BaseConnection->query('INSERT INTO `disp_esp32` (`direccion_ip`, `estado`, `ubicacion`, `ID_administrador`) VALUES (:direccion_ip:, :estado:, :ubicacion:, :ID_administrador:)', [...], false)
 4 APPPATH\Models\Esp32.php(43): CodeIgniter\Database\BaseBuilder->insert([...])
 5 APPPATH\Controllers\Esp32C.php(103): App\Models\Esp32->insertEsp('10.81.11.242', 'aula 2', '4')
 6 SYSTEMPATH\CodeIgniter.php(933): App\Controllers\Esp32C->receiveEsp()
 7 SYSTEMPATH\CodeIgniter.php(509): CodeIgniter\CodeIgniter->runController(Object(App\Controllers\Esp32C))
 8 SYSTEMPATH\CodeIgniter.php(355): CodeIgniter\CodeIgniter->handleRequest(null, Object(Config\Cache), false)
 9 SYSTEMPATH\Boot.php(325): CodeIgniter\CodeIgniter->run()
10 SYSTEMPATH\Boot.php(67): CodeIgniter\Boot::runCodeIgniter(Object(CodeIgniter\CodeIgniter))
11 FCPATH\index.php(56): CodeIgniter\Boot::bootWeb(Object(Config\Paths))
CRITICAL - 2024-10-04 17:25:39 --> [Caused by] mysqli_sql_exception: Unknown column 'ID_administrador' in 'field list'
in SYSTEMPATH\Database\MySQLi\Connection.php on line 312.
 1 SYSTEMPATH\Database\MySQLi\Connection.php(312): mysqli->query('INSERT INTO `disp_esp32` (`direccion_ip`, `estado`, `ubicacion`, `ID_administrador`) VALUES (\'10.81.11.242\', 1, \'aula 2\', \'4\')', 0)
 2 SYSTEMPATH\Database\BaseConnection.php(734): CodeIgniter\Database\MySQLi\Connection->execute('INSERT INTO `disp_esp32` (`direccion_ip`, `estado`, `ubicacion`, `ID_administrador`) VALUES (\'10.81.11.242\', 1, \'aula 2\', \'4\')')
 3 SYSTEMPATH\Database\BaseConnection.php(648): CodeIgniter\Database\BaseConnection->simpleQuery('INSERT INTO `disp_esp32` (`direccion_ip`, `estado`, `ubicacion`, `ID_administrador`) VALUES (\'10.81.11.242\', 1, \'aula 2\', \'4\')')
 4 SYSTEMPATH\Database\BaseBuilder.php(2340): CodeIgniter\Database\BaseConnection->query('INSERT INTO `disp_esp32` (`direccion_ip`, `estado`, `ubicacion`, `ID_administrador`) VALUES (:direccion_ip:, :estado:, :ubicacion:, :ID_administrador:)', [...], false)
 5 APPPATH\Models\Esp32.php(43): CodeIgniter\Database\BaseBuilder->insert([...])
 6 APPPATH\Controllers\Esp32C.php(103): App\Models\Esp32->insertEsp('10.81.11.242', 'aula 2', '4')
 7 SYSTEMPATH\CodeIgniter.php(933): App\Controllers\Esp32C->receiveEsp()
 8 SYSTEMPATH\CodeIgniter.php(509): CodeIgniter\CodeIgniter->runController(Object(App\Controllers\Esp32C))
 9 SYSTEMPATH\CodeIgniter.php(355): CodeIgniter\CodeIgniter->handleRequest(null, Object(Config\Cache), false)
10 SYSTEMPATH\Boot.php(325): CodeIgniter\CodeIgniter->run()
11 SYSTEMPATH\Boot.php(67): CodeIgniter\Boot::runCodeIgniter(Object(CodeIgniter\CodeIgniter))
12 FCPATH\index.php(56): CodeIgniter\Boot::bootWeb(Object(Config\Paths))
ERROR - 2024-10-04 17:29:15 --> mysqli_sql_exception: Unknown column 'ID_administrador' in 'field list' in C:\xampp\htdocs\pagina_web\pagina_web\system\Database\MySQLi\Connection.php:312
Stack trace:
#0 C:\xampp\htdocs\pagina_web\pagina_web\system\Database\MySQLi\Connection.php(312): mysqli->query('INSERT INTO `di...', 0)
#1 C:\xampp\htdocs\pagina_web\pagina_web\system\Database\BaseConnection.php(734): CodeIgniter\Database\MySQLi\Connection->execute('INSERT INTO `di...')
#2 C:\xampp\htdocs\pagina_web\pagina_web\system\Database\BaseConnection.php(648): CodeIgniter\Database\BaseConnection->simpleQuery('INSERT INTO `di...')
#3 C:\xampp\htdocs\pagina_web\pagina_web\system\Database\BaseBuilder.php(2340): CodeIgniter\Database\BaseConnection->query('INSERT INTO `di...', Array, false)
#4 C:\xampp\htdocs\pagina_web\pagina_web\app\Models\Esp32.php(43): CodeIgniter\Database\BaseBuilder->insert(Array)
#5 C:\xampp\htdocs\pagina_web\pagina_web\app\Controllers\Esp32C.php(103): App\Models\Esp32->insertEsp('10.81.11.242', 'aula 2', '4')
#6 C:\xampp\htdocs\pagina_web\pagina_web\system\CodeIgniter.php(933): App\Controllers\Esp32C->receiveEsp()
#7 C:\xampp\htdocs\pagina_web\pagina_web\system\CodeIgniter.php(509): CodeIgniter\CodeIgniter->runController(Object(App\Controllers\Esp32C))
#8 C:\xampp\htdocs\pagina_web\pagina_web\system\CodeIgniter.php(355): CodeIgniter\CodeIgniter->handleRequest(NULL, Object(Config\Cache), false)
#9 C:\xampp\htdocs\pagina_web\pagina_web\system\Boot.php(325): CodeIgniter\CodeIgniter->run()
#10 C:\xampp\htdocs\pagina_web\pagina_web\system\Boot.php(67): CodeIgniter\Boot::runCodeIgniter(Object(CodeIgniter\CodeIgniter))
#11 C:\xampp\htdocs\pagina_web\pagina_web\public\index.php(56): CodeIgniter\Boot::bootWeb(Object(Config\Paths))
#12 {main}
CRITICAL - 2024-10-04 17:29:15 --> CodeIgniter\Database\Exceptions\DatabaseException: Unknown column 'ID_administrador' in 'field list'
[Method: GET, Route: new_esp/receive]
in SYSTEMPATH\Database\BaseConnection.php on line 688.
 1 SYSTEMPATH\Database\BaseBuilder.php(2340): CodeIgniter\Database\BaseConnection->query('INSERT INTO `disp_esp32` (`direccion_ip`, `estado`, `ubicacion`, `ID_administrador`) VALUES (:direccion_ip:, :estado:, :ubicacion:, :ID_administrador:)', [...], false)
 2 APPPATH\Models\Esp32.php(43): CodeIgniter\Database\BaseBuilder->insert([...])
 3 APPPATH\Controllers\Esp32C.php(103): App\Models\Esp32->insertEsp('10.81.11.242', 'aula 2', '4')
 4 SYSTEMPATH\CodeIgniter.php(933): App\Controllers\Esp32C->receiveEsp()
 5 SYSTEMPATH\CodeIgniter.php(509): CodeIgniter\CodeIgniter->runController(Object(App\Controllers\Esp32C))
 6 SYSTEMPATH\CodeIgniter.php(355): CodeIgniter\CodeIgniter->handleRequest(null, Object(Config\Cache), false)
 7 SYSTEMPATH\Boot.php(325): CodeIgniter\CodeIgniter->run()
 8 SYSTEMPATH\Boot.php(67): CodeIgniter\Boot::runCodeIgniter(Object(CodeIgniter\CodeIgniter))
 9 FCPATH\index.php(56): CodeIgniter\Boot::bootWeb(Object(Config\Paths))
CRITICAL - 2024-10-04 17:29:15 --> [Caused by] CodeIgniter\Database\Exceptions\DatabaseException: Unknown column 'ID_administrador' in 'field list'
in SYSTEMPATH\Database\MySQLi\Connection.php on line 317.
 1 SYSTEMPATH\Database\BaseConnection.php(734): CodeIgniter\Database\MySQLi\Connection->execute('INSERT INTO `disp_esp32` (`direccion_ip`, `estado`, `ubicacion`, `ID_administrador`) VALUES (\'10.81.11.242\', 1, \'aula 2\', \'4\')')
 2 SYSTEMPATH\Database\BaseConnection.php(648): CodeIgniter\Database\BaseConnection->simpleQuery('INSERT INTO `disp_esp32` (`direccion_ip`, `estado`, `ubicacion`, `ID_administrador`) VALUES (\'10.81.11.242\', 1, \'aula 2\', \'4\')')
 3 SYSTEMPATH\Database\BaseBuilder.php(2340): CodeIgniter\Database\BaseConnection->query('INSERT INTO `disp_esp32` (`direccion_ip`, `estado`, `ubicacion`, `ID_administrador`) VALUES (:direccion_ip:, :estado:, :ubicacion:, :ID_administrador:)', [...], false)
 4 APPPATH\Models\Esp32.php(43): CodeIgniter\Database\BaseBuilder->insert([...])
 5 APPPATH\Controllers\Esp32C.php(103): App\Models\Esp32->insertEsp('10.81.11.242', 'aula 2', '4')
 6 SYSTEMPATH\CodeIgniter.php(933): App\Controllers\Esp32C->receiveEsp()
 7 SYSTEMPATH\CodeIgniter.php(509): CodeIgniter\CodeIgniter->runController(Object(App\Controllers\Esp32C))
 8 SYSTEMPATH\CodeIgniter.php(355): CodeIgniter\CodeIgniter->handleRequest(null, Object(Config\Cache), false)
 9 SYSTEMPATH\Boot.php(325): CodeIgniter\CodeIgniter->run()
10 SYSTEMPATH\Boot.php(67): CodeIgniter\Boot::runCodeIgniter(Object(CodeIgniter\CodeIgniter))
11 FCPATH\index.php(56): CodeIgniter\Boot::bootWeb(Object(Config\Paths))
CRITICAL - 2024-10-04 17:29:15 --> [Caused by] mysqli_sql_exception: Unknown column 'ID_administrador' in 'field list'
in SYSTEMPATH\Database\MySQLi\Connection.php on line 312.
 1 SYSTEMPATH\Database\MySQLi\Connection.php(312): mysqli->query('INSERT INTO `disp_esp32` (`direccion_ip`, `estado`, `ubicacion`, `ID_administrador`) VALUES (\'10.81.11.242\', 1, \'aula 2\', \'4\')', 0)
 2 SYSTEMPATH\Database\BaseConnection.php(734): CodeIgniter\Database\MySQLi\Connection->execute('INSERT INTO `disp_esp32` (`direccion_ip`, `estado`, `ubicacion`, `ID_administrador`) VALUES (\'10.81.11.242\', 1, \'aula 2\', \'4\')')
 3 SYSTEMPATH\Database\BaseConnection.php(648): CodeIgniter\Database\BaseConnection->simpleQuery('INSERT INTO `disp_esp32` (`direccion_ip`, `estado`, `ubicacion`, `ID_administrador`) VALUES (\'10.81.11.242\', 1, \'aula 2\', \'4\')')
 4 SYSTEMPATH\Database\BaseBuilder.php(2340): CodeIgniter\Database\BaseConnection->query('INSERT INTO `disp_esp32` (`direccion_ip`, `estado`, `ubicacion`, `ID_administrador`) VALUES (:direccion_ip:, :estado:, :ubicacion:, :ID_administrador:)', [...], false)
 5 APPPATH\Models\Esp32.php(43): CodeIgniter\Database\BaseBuilder->insert([...])
 6 APPPATH\Controllers\Esp32C.php(103): App\Models\Esp32->insertEsp('10.81.11.242', 'aula 2', '4')
 7 SYSTEMPATH\CodeIgniter.php(933): App\Controllers\Esp32C->receiveEsp()
 8 SYSTEMPATH\CodeIgniter.php(509): CodeIgniter\CodeIgniter->runController(Object(App\Controllers\Esp32C))
 9 SYSTEMPATH\CodeIgniter.php(355): CodeIgniter\CodeIgniter->handleRequest(null, Object(Config\Cache), false)
10 SYSTEMPATH\Boot.php(325): CodeIgniter\CodeIgniter->run()
11 SYSTEMPATH\Boot.php(67): CodeIgniter\Boot::runCodeIgniter(Object(CodeIgniter\CodeIgniter))
12 FCPATH\index.php(56): CodeIgniter\Boot::bootWeb(Object(Config\Paths))
ERROR - 2024-10-04 17:36:26 --> mysqli_sql_exception: Unknown column 'ID_administrador' in 'field list' in C:\xampp\htdocs\pagina_web\pagina_web\system\Database\MySQLi\Connection.php:312
Stack trace:
#0 C:\xampp\htdocs\pagina_web\pagina_web\system\Database\MySQLi\Connection.php(312): mysqli->query('INSERT INTO `di...', 0)
#1 C:\xampp\htdocs\pagina_web\pagina_web\system\Database\BaseConnection.php(734): CodeIgniter\Database\MySQLi\Connection->execute('INSERT INTO `di...')
#2 C:\xampp\htdocs\pagina_web\pagina_web\system\Database\BaseConnection.php(648): CodeIgniter\Database\BaseConnection->simpleQuery('INSERT INTO `di...')
#3 C:\xampp\htdocs\pagina_web\pagina_web\system\Database\BaseBuilder.php(2340): CodeIgniter\Database\BaseConnection->query('INSERT INTO `di...', Array, false)
#4 C:\xampp\htdocs\pagina_web\pagina_web\app\Models\Esp32.php(43): CodeIgniter\Database\BaseBuilder->insert(Array)
#5 C:\xampp\htdocs\pagina_web\pagina_web\app\Controllers\Esp32C.php(103): App\Models\Esp32->insertEsp('10.81.11.242', 'aula 2', '4')
#6 C:\xampp\htdocs\pagina_web\pagina_web\system\CodeIgniter.php(933): App\Controllers\Esp32C->receiveEsp()
#7 C:\xampp\htdocs\pagina_web\pagina_web\system\CodeIgniter.php(509): CodeIgniter\CodeIgniter->runController(Object(App\Controllers\Esp32C))
#8 C:\xampp\htdocs\pagina_web\pagina_web\system\CodeIgniter.php(355): CodeIgniter\CodeIgniter->handleRequest(NULL, Object(Config\Cache), false)
#9 C:\xampp\htdocs\pagina_web\pagina_web\system\Boot.php(325): CodeIgniter\CodeIgniter->run()
#10 C:\xampp\htdocs\pagina_web\pagina_web\system\Boot.php(67): CodeIgniter\Boot::runCodeIgniter(Object(CodeIgniter\CodeIgniter))
#11 C:\xampp\htdocs\pagina_web\pagina_web\public\index.php(56): CodeIgniter\Boot::bootWeb(Object(Config\Paths))
#12 {main}
CRITICAL - 2024-10-04 17:36:26 --> CodeIgniter\Database\Exceptions\DatabaseException: Unknown column 'ID_administrador' in 'field list'
[Method: POST, Route: new_esp/receive]
in SYSTEMPATH\Database\BaseConnection.php on line 688.
 1 SYSTEMPATH\Database\BaseBuilder.php(2340): CodeIgniter\Database\BaseConnection->query('INSERT INTO `disp_esp32` (`direccion_ip`, `estado`, `ubicacion`, `ID_administrador`) VALUES (:direccion_ip:, :estado:, :ubicacion:, :ID_administrador:)', [...], false)
 2 APPPATH\Models\Esp32.php(43): CodeIgniter\Database\BaseBuilder->insert([...])
 3 APPPATH\Controllers\Esp32C.php(103): App\Models\Esp32->insertEsp('10.81.11.242', 'aula 2', '4')
 4 SYSTEMPATH\CodeIgniter.php(933): App\Controllers\Esp32C->receiveEsp()
 5 SYSTEMPATH\CodeIgniter.php(509): CodeIgniter\CodeIgniter->runController(Object(App\Controllers\Esp32C))
 6 SYSTEMPATH\CodeIgniter.php(355): CodeIgniter\CodeIgniter->handleRequest(null, Object(Config\Cache), false)
 7 SYSTEMPATH\Boot.php(325): CodeIgniter\CodeIgniter->run()
 8 SYSTEMPATH\Boot.php(67): CodeIgniter\Boot::runCodeIgniter(Object(CodeIgniter\CodeIgniter))
 9 FCPATH\index.php(56): CodeIgniter\Boot::bootWeb(Object(Config\Paths))
CRITICAL - 2024-10-04 17:36:26 --> [Caused by] CodeIgniter\Database\Exceptions\DatabaseException: Unknown column 'ID_administrador' in 'field list'
in SYSTEMPATH\Database\MySQLi\Connection.php on line 317.
 1 SYSTEMPATH\Database\BaseConnection.php(734): CodeIgniter\Database\MySQLi\Connection->execute('INSERT INTO `disp_esp32` (`direccion_ip`, `estado`, `ubicacion`, `ID_administrador`) VALUES (\'10.81.11.242\', 1, \'aula 2\', \'4\')')
 2 SYSTEMPATH\Database\BaseConnection.php(648): CodeIgniter\Database\BaseConnection->simpleQuery('INSERT INTO `disp_esp32` (`direccion_ip`, `estado`, `ubicacion`, `ID_administrador`) VALUES (\'10.81.11.242\', 1, \'aula 2\', \'4\')')
 3 SYSTEMPATH\Database\BaseBuilder.php(2340): CodeIgniter\Database\BaseConnection->query('INSERT INTO `disp_esp32` (`direccion_ip`, `estado`, `ubicacion`, `ID_administrador`) VALUES (:direccion_ip:, :estado:, :ubicacion:, :ID_administrador:)', [...], false)
 4 APPPATH\Models\Esp32.php(43): CodeIgniter\Database\BaseBuilder->insert([...])
 5 APPPATH\Controllers\Esp32C.php(103): App\Models\Esp32->insertEsp('10.81.11.242', 'aula 2', '4')
 6 SYSTEMPATH\CodeIgniter.php(933): App\Controllers\Esp32C->receiveEsp()
 7 SYSTEMPATH\CodeIgniter.php(509): CodeIgniter\CodeIgniter->runController(Object(App\Controllers\Esp32C))
 8 SYSTEMPATH\CodeIgniter.php(355): CodeIgniter\CodeIgniter->handleRequest(null, Object(Config\Cache), false)
 9 SYSTEMPATH\Boot.php(325): CodeIgniter\CodeIgniter->run()
10 SYSTEMPATH\Boot.php(67): CodeIgniter\Boot::runCodeIgniter(Object(CodeIgniter\CodeIgniter))
11 FCPATH\index.php(56): CodeIgniter\Boot::bootWeb(Object(Config\Paths))
CRITICAL - 2024-10-04 17:36:26 --> [Caused by] mysqli_sql_exception: Unknown column 'ID_administrador' in 'field list'
in SYSTEMPATH\Database\MySQLi\Connection.php on line 312.
 1 SYSTEMPATH\Database\MySQLi\Connection.php(312): mysqli->query('INSERT INTO `disp_esp32` (`direccion_ip`, `estado`, `ubicacion`, `ID_administrador`) VALUES (\'10.81.11.242\', 1, \'aula 2\', \'4\')', 0)
 2 SYSTEMPATH\Database\BaseConnection.php(734): CodeIgniter\Database\MySQLi\Connection->execute('INSERT INTO `disp_esp32` (`direccion_ip`, `estado`, `ubicacion`, `ID_administrador`) VALUES (\'10.81.11.242\', 1, \'aula 2\', \'4\')')
 3 SYSTEMPATH\Database\BaseConnection.php(648): CodeIgniter\Database\BaseConnection->simpleQuery('INSERT INTO `disp_esp32` (`direccion_ip`, `estado`, `ubicacion`, `ID_administrador`) VALUES (\'10.81.11.242\', 1, \'aula 2\', \'4\')')
 4 SYSTEMPATH\Database\BaseBuilder.php(2340): CodeIgniter\Database\BaseConnection->query('INSERT INTO `disp_esp32` (`direccion_ip`, `estado`, `ubicacion`, `ID_administrador`) VALUES (:direccion_ip:, :estado:, :ubicacion:, :ID_administrador:)', [...], false)
 5 APPPATH\Models\Esp32.php(43): CodeIgniter\Database\BaseBuilder->insert([...])
 6 APPPATH\Controllers\Esp32C.php(103): App\Models\Esp32->insertEsp('10.81.11.242', 'aula 2', '4')
 7 SYSTEMPATH\CodeIgniter.php(933): App\Controllers\Esp32C->receiveEsp()
 8 SYSTEMPATH\CodeIgniter.php(509): CodeIgniter\CodeIgniter->runController(Object(App\Controllers\Esp32C))
 9 SYSTEMPATH\CodeIgniter.php(355): CodeIgniter\CodeIgniter->handleRequest(null, Object(Config\Cache), false)
10 SYSTEMPATH\Boot.php(325): CodeIgniter\CodeIgniter->run()
11 SYSTEMPATH\Boot.php(67): CodeIgniter\Boot::runCodeIgniter(Object(CodeIgniter\CodeIgniter))
12 FCPATH\index.php(56): CodeIgniter\Boot::bootWeb(Object(Config\Paths))
