CRITICAL - 2024-10-09 19:14:03 --> ErrorException: Undefined array key 0
[Method: GET, Route: userInfo]
in APPPATH\Views\userinfo.php on line 70.
 1 APPPATH\Views\userinfo.php(70): CodeIgniter\Debug\Exceptions->errorHandler(2, 'Undefined array key 0', 'C:\\xampp\\htdocs\\pagina_web\\pagina_web\\app\\Views\\userinfo.php', 70)
 2 SYSTEMPATH\View\View.php(234): include('C:\\xampp\\htdocs\\pagina_web\\pagina_web\\app\\Views\\userinfo.php')
 3 SYSTEMPATH\View\View.php(237): CodeIgniter\View\View->CodeIgniter\View\{closure}()
 4 SYSTEMPATH\Common.php(1169): CodeIgniter\View\View->render('userinfo', [], true)
 5 APPPATH\Controllers\Users.php(191): view('userinfo', [...])
 6 SYSTEMPATH\CodeIgniter.php(933): App\Controllers\Users->viewUserinfo()
 7 SYSTEMPATH\CodeIgniter.php(509): CodeIgniter\CodeIgniter->runController(Object(App\Controllers\Users))
 8 SYSTEMPATH\CodeIgniter.php(355): CodeIgniter\CodeIgniter->handleRequest(null, Object(Config\Cache), false)
 9 SYSTEMPATH\Boot.php(325): CodeIgniter\CodeIgniter->run()
10 SYSTEMPATH\Boot.php(67): CodeIgniter\Boot::runCodeIgniter(Object(CodeIgniter\CodeIgniter))
11 FCPATH\index.php(56): CodeIgniter\Boot::bootWeb(Object(Config\Paths))
CRITICAL - 2024-10-09 19:14:04 --> ErrorException: Undefined array key 0
[Method: GET, Route: userInfo]
in APPPATH\Views\userinfo.php on line 70.
 1 APPPATH\Views\userinfo.php(70): CodeIgniter\Debug\Exceptions->errorHandler(2, 'Undefined array key 0', 'C:\\xampp\\htdocs\\pagina_web\\pagina_web\\app\\Views\\userinfo.php', 70)
 2 SYSTEMPATH\View\View.php(234): include('C:\\xampp\\htdocs\\pagina_web\\pagina_web\\app\\Views\\userinfo.php')
 3 SYSTEMPATH\View\View.php(237): CodeIgniter\View\View->CodeIgniter\View\{closure}()
 4 SYSTEMPATH\Common.php(1169): CodeIgniter\View\View->render('userinfo', [], true)
 5 APPPATH\Controllers\Users.php(191): view('userinfo', [...])
 6 SYSTEMPATH\CodeIgniter.php(933): App\Controllers\Users->viewUserinfo()
 7 SYSTEMPATH\CodeIgniter.php(509): CodeIgniter\CodeIgniter->runController(Object(App\Controllers\Users))
 8 SYSTEMPATH\CodeIgniter.php(355): CodeIgniter\CodeIgniter->handleRequest(null, Object(Config\Cache), false)
 9 SYSTEMPATH\Boot.php(325): CodeIgniter\CodeIgniter->run()
10 SYSTEMPATH\Boot.php(67): CodeIgniter\Boot::runCodeIgniter(Object(CodeIgniter\CodeIgniter))
11 FCPATH\index.php(56): CodeIgniter\Boot::bootWeb(Object(Config\Paths))
CRITICAL - 2024-10-09 19:19:08 --> CodeIgniter\HTTP\Exceptions\HTTPException: 28 : Failed to connect to 192.168.0.10 port 80 after 21027 ms: Couldn't connect to server
[Method: POST, Route: sendIR]
in SYSTEMPATH\HTTP\CURLRequest.php on line 694.
 1 SYSTEMPATH\HTTP\CURLRequest.php(694): CodeIgniter\HTTP\Exceptions\HTTPException::forCurlError('28', 'Failed to connect to 192.168.0.10 port 80 after 21027 ms: Couldn\'t connect to server')
 2 SYSTEMPATH\HTTP\CURLRequest.php(383): CodeIgniter\HTTP\CURLRequest->sendRequest([...])
 3 SYSTEMPATH\HTTP\CURLRequest.php(152): CodeIgniter\HTTP\CURLRequest->send('POST', 'http://192.168.0.10/sendIR')
 4 SYSTEMPATH\HTTP\CURLRequest.php(227): CodeIgniter\HTTP\CURLRequest->request('POST', 'http://192.168.0.10/sendIR', [...])
 5 APPPATH\Controllers\Esp32C.php(140): CodeIgniter\HTTP\CURLRequest->post('http://192.168.0.10/sendIR', [...])
 6 SYSTEMPATH\CodeIgniter.php(933): App\Controllers\Esp32C->sendIR()
 7 SYSTEMPATH\CodeIgniter.php(509): CodeIgniter\CodeIgniter->runController(Object(App\Controllers\Esp32C))
 8 SYSTEMPATH\CodeIgniter.php(355): CodeIgniter\CodeIgniter->handleRequest(null, Object(Config\Cache), false)
 9 SYSTEMPATH\Boot.php(325): CodeIgniter\CodeIgniter->run()
10 SYSTEMPATH\Boot.php(67): CodeIgniter\Boot::runCodeIgniter(Object(CodeIgniter\CodeIgniter))
11 FCPATH\index.php(56): CodeIgniter\Boot::bootWeb(Object(Config\Paths))
CRITICAL - 2024-10-09 19:19:09 --> CodeIgniter\HTTP\Exceptions\HTTPException: 28 : Failed to connect to 192.168.0.10 port 80 after 21041 ms: Couldn't connect to server
[Method: POST, Route: sendIR]
in SYSTEMPATH\HTTP\CURLRequest.php on line 694.
 1 SYSTEMPATH\HTTP\CURLRequest.php(694): CodeIgniter\HTTP\Exceptions\HTTPException::forCurlError('28', 'Failed to connect to 192.168.0.10 port 80 after 21041 ms: Couldn\'t connect to server')
 2 SYSTEMPATH\HTTP\CURLRequest.php(383): CodeIgniter\HTTP\CURLRequest->sendRequest([...])
 3 SYSTEMPATH\HTTP\CURLRequest.php(152): CodeIgniter\HTTP\CURLRequest->send('POST', 'http://192.168.0.10/sendIR')
 4 SYSTEMPATH\HTTP\CURLRequest.php(227): CodeIgniter\HTTP\CURLRequest->request('POST', 'http://192.168.0.10/sendIR', [...])
 5 APPPATH\Controllers\Esp32C.php(140): CodeIgniter\HTTP\CURLRequest->post('http://192.168.0.10/sendIR', [...])
 6 SYSTEMPATH\CodeIgniter.php(933): App\Controllers\Esp32C->sendIR()
 7 SYSTEMPATH\CodeIgniter.php(509): CodeIgniter\CodeIgniter->runController(Object(App\Controllers\Esp32C))
 8 SYSTEMPATH\CodeIgniter.php(355): CodeIgniter\CodeIgniter->handleRequest(null, Object(Config\Cache), false)
 9 SYSTEMPATH\Boot.php(325): CodeIgniter\CodeIgniter->run()
10 SYSTEMPATH\Boot.php(67): CodeIgniter\Boot::runCodeIgniter(Object(CodeIgniter\CodeIgniter))
11 FCPATH\index.php(56): CodeIgniter\Boot::bootWeb(Object(Config\Paths))
