CRITICAL - 2025-03-16 19:04:18 --> TypeError: Unsupported operand types: array + int
[Method: POST, Route: prueba_aircontrol]
in APPPATH\Controllers\Esp32C.php on line 188.
 1 SYSTEMPATH\CodeIgniter.php(933): App\Controllers\Esp32C->air_view()
 2 SYSTEMPATH\CodeIgniter.php(509): CodeIgniter\CodeIgniter->runController(Object(App\Controllers\Esp32C))
 3 SYSTEMPATH\CodeIgniter.php(355): CodeIgniter\CodeIgniter->handleRequest(null, Object(Config\Cache), false)
 4 SYSTEMPATH\Boot.php(325): CodeIgniter\CodeIgniter->run()
 5 SYSTEMPATH\Boot.php(67): CodeIgniter\Boot::runCodeIgniter(Object(CodeIgniter\CodeIgniter))
 6 FCPATH\index.php(56): CodeIgniter\Boot::bootWeb(Object(Config\Paths))
CRITICAL - 2025-03-16 19:05:34 --> ErrorException: Undefined variable $action_id
[Method: POST, Route: prueba_aircontrol]
in APPPATH\Controllers\Esp32C.php on line 185.
 1 APPPATH\Controllers\Esp32C.php(185): CodeIgniter\Debug\Exceptions->errorHandler(2, 'Undefined variable $action_id', 'C:\\xampp\\htdocs\\pagina_web\\pagina_web\\app\\Controllers\\Esp32C.php', 185)
 2 SYSTEMPATH\CodeIgniter.php(933): App\Controllers\Esp32C->air_view()
 3 SYSTEMPATH\CodeIgniter.php(509): CodeIgniter\CodeIgniter->runController(Object(App\Controllers\Esp32C))
 4 SYSTEMPATH\CodeIgniter.php(355): CodeIgniter\CodeIgniter->handleRequest(null, Object(Config\Cache), false)
 5 SYSTEMPATH\Boot.php(325): CodeIgniter\CodeIgniter->run()
 6 SYSTEMPATH\Boot.php(67): CodeIgniter\Boot::runCodeIgniter(Object(CodeIgniter\CodeIgniter))
 7 FCPATH\index.php(56): CodeIgniter\Boot::bootWeb(Object(Config\Paths))
CRITICAL - 2025-03-16 19:05:58 --> TypeError: Cannot access offset of type string on string
[Method: POST, Route: prueba_aircontrol]
in APPPATH\Controllers\Esp32C.php on line 191.
 1 SYSTEMPATH\CodeIgniter.php(933): App\Controllers\Esp32C->air_view()
 2 SYSTEMPATH\CodeIgniter.php(509): CodeIgniter\CodeIgniter->runController(Object(App\Controllers\Esp32C))
 3 SYSTEMPATH\CodeIgniter.php(355): CodeIgniter\CodeIgniter->handleRequest(null, Object(Config\Cache), false)
 4 SYSTEMPATH\Boot.php(325): CodeIgniter\CodeIgniter->run()
 5 SYSTEMPATH\Boot.php(67): CodeIgniter\Boot::runCodeIgniter(Object(CodeIgniter\CodeIgniter))
 6 FCPATH\index.php(56): CodeIgniter\Boot::bootWeb(Object(Config\Paths))
