ERROR - 2024-09-13 22:04:28 --> Error connecting to the database: mysqli_sql_exception: Unknown database 'tesis_g_s2' in C:\xampp\htdocs\pagina_web\pagina_web\system\Database\MySQLi\Connection.php:186
Stack trace:
#0 C:\xampp\htdocs\pagina_web\pagina_web\system\Database\MySQLi\Connection.php(186): mysqli->real_connect('localhost', 'root', Object(SensitiveParameterValue), 'tesis_g_s2', 3306, '', 0)
#1 C:\xampp\htdocs\pagina_web\pagina_web\system\Database\BaseConnection.php(421): CodeIgniter\Database\MySQLi\Connection->connect(false)
#2 C:\xampp\htdocs\pagina_web\pagina_web\system\Database\BaseConnection.php(616): CodeIgniter\Database\BaseConnection->initialize()
#3 C:\xampp\htdocs\pagina_web\pagina_web\system\Database\BaseBuilder.php(1644): CodeIgniter\Database\BaseConnection->query('SELECT *\nFROM `...', Array, false)
#4 C:\xampp\htdocs\pagina_web\pagina_web\app\Models\Usuarios.php(14): CodeIgniter\Database\BaseBuilder->get()
#5 C:\xampp\htdocs\pagina_web\pagina_web\app\Controllers\Session.php(34): App\Models\Usuarios->getUser(Array)
#6 C:\xampp\htdocs\pagina_web\pagina_web\system\CodeIgniter.php(933): App\Controllers\Session->login()
#7 C:\xampp\htdocs\pagina_web\pagina_web\system\CodeIgniter.php(509): CodeIgniter\CodeIgniter->runController(Object(App\Controllers\Session))
#8 C:\xampp\htdocs\pagina_web\pagina_web\system\CodeIgniter.php(355): CodeIgniter\CodeIgniter->handleRequest(NULL, Object(Config\Cache), false)
#9 C:\xampp\htdocs\pagina_web\pagina_web\system\Boot.php(325): CodeIgniter\CodeIgniter->run()
#10 C:\xampp\htdocs\pagina_web\pagina_web\system\Boot.php(67): CodeIgniter\Boot::runCodeIgniter(Object(CodeIgniter\CodeIgniter))
#11 C:\xampp\htdocs\pagina_web\pagina_web\public\index.php(56): CodeIgniter\Boot::bootWeb(Object(Config\Paths))
#12 {main}

Next CodeIgniter\Database\Exceptions\DatabaseException: Unknown database 'tesis_g_s2' in C:\xampp\htdocs\pagina_web\pagina_web\system\Database\MySQLi\Connection.php:231
Stack trace:
#0 C:\xampp\htdocs\pagina_web\pagina_web\system\Database\BaseConnection.php(421): CodeIgniter\Database\MySQLi\Connection->connect(false)
#1 C:\xampp\htdocs\pagina_web\pagina_web\system\Database\BaseConnection.php(616): CodeIgniter\Database\BaseConnection->initialize()
#2 C:\xampp\htdocs\pagina_web\pagina_web\system\Database\BaseBuilder.php(1644): CodeIgniter\Database\BaseConnection->query('SELECT *\nFROM `...', Array, false)
#3 C:\xampp\htdocs\pagina_web\pagina_web\app\Models\Usuarios.php(14): CodeIgniter\Database\BaseBuilder->get()
#4 C:\xampp\htdocs\pagina_web\pagina_web\app\Controllers\Session.php(34): App\Models\Usuarios->getUser(Array)
#5 C:\xampp\htdocs\pagina_web\pagina_web\system\CodeIgniter.php(933): App\Controllers\Session->login()
#6 C:\xampp\htdocs\pagina_web\pagina_web\system\CodeIgniter.php(509): CodeIgniter\CodeIgniter->runController(Object(App\Controllers\Session))
#7 C:\xampp\htdocs\pagina_web\pagina_web\system\CodeIgniter.php(355): CodeIgniter\CodeIgniter->handleRequest(NULL, Object(Config\Cache), false)
#8 C:\xampp\htdocs\pagina_web\pagina_web\system\Boot.php(325): CodeIgniter\CodeIgniter->run()
#9 C:\xampp\htdocs\pagina_web\pagina_web\system\Boot.php(67): CodeIgniter\Boot::runCodeIgniter(Object(CodeIgniter\CodeIgniter))
#10 C:\xampp\htdocs\pagina_web\pagina_web\public\index.php(56): CodeIgniter\Boot::bootWeb(Object(Config\Paths))
#11 {main}
CRITICAL - 2024-09-13 22:04:28 --> CodeIgniter\Database\Exceptions\DatabaseException: Unable to connect to the database.
Main connection [MySQLi]: Unknown database 'tesis_g_s2'
[Method: POST, Route: login]
in SYSTEMPATH\Database\BaseConnection.php on line 467.
 1 SYSTEMPATH\Database\BaseConnection.php(616): CodeIgniter\Database\BaseConnection->initialize()
 2 SYSTEMPATH\Database\BaseBuilder.php(1644): CodeIgniter\Database\BaseConnection->query('SELECT *
FROM `usuarios`
WHERE `nombre_usuario` = :nombre_usuario:', [...], false)
 3 APPPATH\Models\Usuarios.php(14): CodeIgniter\Database\BaseBuilder->get()
 4 APPPATH\Controllers\Session.php(34): App\Models\Usuarios->getUser([...])
 5 SYSTEMPATH\CodeIgniter.php(933): App\Controllers\Session->login()
 6 SYSTEMPATH\CodeIgniter.php(509): CodeIgniter\CodeIgniter->runController(Object(App\Controllers\Session))
 7 SYSTEMPATH\CodeIgniter.php(355): CodeIgniter\CodeIgniter->handleRequest(null, Object(Config\Cache), false)
 8 SYSTEMPATH\Boot.php(325): CodeIgniter\CodeIgniter->run()
 9 SYSTEMPATH\Boot.php(67): CodeIgniter\Boot::runCodeIgniter(Object(CodeIgniter\CodeIgniter))
10 FCPATH\index.php(56): CodeIgniter\Boot::bootWeb(Object(Config\Paths))
ERROR - 2024-09-13 22:05:34 --> mysqli_sql_exception: Unknown column 'd.ID_dispositivo' in 'on clause' in C:\xampp\htdocs\pagina_web\pagina_web\system\Database\MySQLi\Connection.php:312
Stack trace:
#0 C:\xampp\htdocs\pagina_web\pagina_web\system\Database\MySQLi\Connection.php(312): mysqli->query('SELECT `u`.`nom...', 0)
#1 C:\xampp\htdocs\pagina_web\pagina_web\system\Database\BaseConnection.php(734): CodeIgniter\Database\MySQLi\Connection->execute('SELECT `u`.`nom...')
#2 C:\xampp\htdocs\pagina_web\pagina_web\system\Database\BaseConnection.php(648): CodeIgniter\Database\BaseConnection->simpleQuery('SELECT `u`.`nom...')
#3 C:\xampp\htdocs\pagina_web\pagina_web\system\Database\BaseBuilder.php(1644): CodeIgniter\Database\BaseConnection->query('SELECT `u`.`nom...', Array, false)
#4 C:\xampp\htdocs\pagina_web\pagina_web\app\Models\Esp32.php(22): CodeIgniter\Database\BaseBuilder->get()
#5 C:\xampp\htdocs\pagina_web\pagina_web\app\Controllers\Home.php(17): App\Models\Esp32->getEsp32byUser('4')
#6 C:\xampp\htdocs\pagina_web\pagina_web\system\CodeIgniter.php(933): App\Controllers\Home->index()
#7 C:\xampp\htdocs\pagina_web\pagina_web\system\CodeIgniter.php(509): CodeIgniter\CodeIgniter->runController(Object(App\Controllers\Home))
#8 C:\xampp\htdocs\pagina_web\pagina_web\system\CodeIgniter.php(355): CodeIgniter\CodeIgniter->handleRequest(NULL, Object(Config\Cache), false)
#9 C:\xampp\htdocs\pagina_web\pagina_web\system\Boot.php(325): CodeIgniter\CodeIgniter->run()
#10 C:\xampp\htdocs\pagina_web\pagina_web\system\Boot.php(67): CodeIgniter\Boot::runCodeIgniter(Object(CodeIgniter\CodeIgniter))
#11 C:\xampp\htdocs\pagina_web\pagina_web\public\index.php(56): CodeIgniter\Boot::bootWeb(Object(Config\Paths))
#12 {main}
CRITICAL - 2024-09-13 22:05:34 --> CodeIgniter\Database\Exceptions\DatabaseException: Unknown column 'd.ID_dispositivo' in 'on clause'
[Method: GET, Route: /]
in SYSTEMPATH\Database\BaseConnection.php on line 688.
 1 SYSTEMPATH\Database\BaseBuilder.php(1644): CodeIgniter\Database\BaseConnection->query('SELECT `u`.`nombre_usuario`, `e`.`ubicacion`
FROM `disp_esp32` `e`
JOIN `dispositivos` `d` ON `d`.`ID_esp32` = `e`.`ID_dispositivo`
JOIN `acceso_usuarios` `au` ON `au`.`ID_dispositivo` = `d`.`ID_dispositivo`
JOIN `usuarios` `u` ON `u`.`ID_usuario` = `au`.`ID_usuario`
WHERE `u`.`ID_usuario` = :u.ID_usuario:
GROUP BY `u`.`ID_usuario`, `e`.`ID_dispositivo`', [...], false)
 2 APPPATH\Models\Esp32.php(22): CodeIgniter\Database\BaseBuilder->get()
 3 APPPATH\Controllers\Home.php(17): App\Models\Esp32->getEsp32byUser('4')
 4 SYSTEMPATH\CodeIgniter.php(933): App\Controllers\Home->index()
 5 SYSTEMPATH\CodeIgniter.php(509): CodeIgniter\CodeIgniter->runController(Object(App\Controllers\Home))
 6 SYSTEMPATH\CodeIgniter.php(355): CodeIgniter\CodeIgniter->handleRequest(null, Object(Config\Cache), false)
 7 SYSTEMPATH\Boot.php(325): CodeIgniter\CodeIgniter->run()
 8 SYSTEMPATH\Boot.php(67): CodeIgniter\Boot::runCodeIgniter(Object(CodeIgniter\CodeIgniter))
 9 FCPATH\index.php(56): CodeIgniter\Boot::bootWeb(Object(Config\Paths))
CRITICAL - 2024-09-13 22:05:34 --> [Caused by] CodeIgniter\Database\Exceptions\DatabaseException: Unknown column 'd.ID_dispositivo' in 'on clause'
in SYSTEMPATH\Database\MySQLi\Connection.php on line 317.
 1 SYSTEMPATH\Database\BaseConnection.php(734): CodeIgniter\Database\MySQLi\Connection->execute('SELECT `u`.`nombre_usuario`, `e`.`ubicacion`
FROM `disp_esp32` `e`
JOIN `dispositivos` `d` ON `d`.`ID_esp32` = `e`.`ID_dispositivo`
JOIN `acceso_usuarios` `au` ON `au`.`ID_dispositivo` = `d`.`ID_dispositivo`
JOIN `usuarios` `u` ON `u`.`ID_usuario` = `au`.`ID_usuario`
WHERE `u`.`ID_usuario` = \'4\'
GROUP BY `u`.`ID_usuario`, `e`.`ID_dispositivo`')
 2 SYSTEMPATH\Database\BaseConnection.php(648): CodeIgniter\Database\BaseConnection->simpleQuery('SELECT `u`.`nombre_usuario`, `e`.`ubicacion`
FROM `disp_esp32` `e`
JOIN `dispositivos` `d` ON `d`.`ID_esp32` = `e`.`ID_dispositivo`
JOIN `acceso_usuarios` `au` ON `au`.`ID_dispositivo` = `d`.`ID_dispositivo`
JOIN `usuarios` `u` ON `u`.`ID_usuario` = `au`.`ID_usuario`
WHERE `u`.`ID_usuario` = \'4\'
GROUP BY `u`.`ID_usuario`, `e`.`ID_dispositivo`')
 3 SYSTEMPATH\Database\BaseBuilder.php(1644): CodeIgniter\Database\BaseConnection->query('SELECT `u`.`nombre_usuario`, `e`.`ubicacion`
FROM `disp_esp32` `e`
JOIN `dispositivos` `d` ON `d`.`ID_esp32` = `e`.`ID_dispositivo`
JOIN `acceso_usuarios` `au` ON `au`.`ID_dispositivo` = `d`.`ID_dispositivo`
JOIN `usuarios` `u` ON `u`.`ID_usuario` = `au`.`ID_usuario`
WHERE `u`.`ID_usuario` = :u.ID_usuario:
GROUP BY `u`.`ID_usuario`, `e`.`ID_dispositivo`', [...], false)
 4 APPPATH\Models\Esp32.php(22): CodeIgniter\Database\BaseBuilder->get()
 5 APPPATH\Controllers\Home.php(17): App\Models\Esp32->getEsp32byUser('4')
 6 SYSTEMPATH\CodeIgniter.php(933): App\Controllers\Home->index()
 7 SYSTEMPATH\CodeIgniter.php(509): CodeIgniter\CodeIgniter->runController(Object(App\Controllers\Home))
 8 SYSTEMPATH\CodeIgniter.php(355): CodeIgniter\CodeIgniter->handleRequest(null, Object(Config\Cache), false)
 9 SYSTEMPATH\Boot.php(325): CodeIgniter\CodeIgniter->run()
10 SYSTEMPATH\Boot.php(67): CodeIgniter\Boot::runCodeIgniter(Object(CodeIgniter\CodeIgniter))
11 FCPATH\index.php(56): CodeIgniter\Boot::bootWeb(Object(Config\Paths))
CRITICAL - 2024-09-13 22:05:34 --> [Caused by] mysqli_sql_exception: Unknown column 'd.ID_dispositivo' in 'on clause'
in SYSTEMPATH\Database\MySQLi\Connection.php on line 312.
 1 SYSTEMPATH\Database\MySQLi\Connection.php(312): mysqli->query('SELECT `u`.`nombre_usuario`, `e`.`ubicacion`
FROM `disp_esp32` `e`
JOIN `dispositivos` `d` ON `d`.`ID_esp32` = `e`.`ID_dispositivo`
JOIN `acceso_usuarios` `au` ON `au`.`ID_dispositivo` = `d`.`ID_dispositivo`
JOIN `usuarios` `u` ON `u`.`ID_usuario` = `au`.`ID_usuario`
WHERE `u`.`ID_usuario` = \'4\'
GROUP BY `u`.`ID_usuario`, `e`.`ID_dispositivo`', 0)
 2 SYSTEMPATH\Database\BaseConnection.php(734): CodeIgniter\Database\MySQLi\Connection->execute('SELECT `u`.`nombre_usuario`, `e`.`ubicacion`
FROM `disp_esp32` `e`
JOIN `dispositivos` `d` ON `d`.`ID_esp32` = `e`.`ID_dispositivo`
JOIN `acceso_usuarios` `au` ON `au`.`ID_dispositivo` = `d`.`ID_dispositivo`
JOIN `usuarios` `u` ON `u`.`ID_usuario` = `au`.`ID_usuario`
WHERE `u`.`ID_usuario` = \'4\'
GROUP BY `u`.`ID_usuario`, `e`.`ID_dispositivo`')
 3 SYSTEMPATH\Database\BaseConnection.php(648): CodeIgniter\Database\BaseConnection->simpleQuery('SELECT `u`.`nombre_usuario`, `e`.`ubicacion`
FROM `disp_esp32` `e`
JOIN `dispositivos` `d` ON `d`.`ID_esp32` = `e`.`ID_dispositivo`
JOIN `acceso_usuarios` `au` ON `au`.`ID_dispositivo` = `d`.`ID_dispositivo`
JOIN `usuarios` `u` ON `u`.`ID_usuario` = `au`.`ID_usuario`
WHERE `u`.`ID_usuario` = \'4\'
GROUP BY `u`.`ID_usuario`, `e`.`ID_dispositivo`')
 4 SYSTEMPATH\Database\BaseBuilder.php(1644): CodeIgniter\Database\BaseConnection->query('SELECT `u`.`nombre_usuario`, `e`.`ubicacion`
FROM `disp_esp32` `e`
JOIN `dispositivos` `d` ON `d`.`ID_esp32` = `e`.`ID_dispositivo`
JOIN `acceso_usuarios` `au` ON `au`.`ID_dispositivo` = `d`.`ID_dispositivo`
JOIN `usuarios` `u` ON `u`.`ID_usuario` = `au`.`ID_usuario`
WHERE `u`.`ID_usuario` = :u.ID_usuario:
GROUP BY `u`.`ID_usuario`, `e`.`ID_dispositivo`', [...], false)
 5 APPPATH\Models\Esp32.php(22): CodeIgniter\Database\BaseBuilder->get()
 6 APPPATH\Controllers\Home.php(17): App\Models\Esp32->getEsp32byUser('4')
 7 SYSTEMPATH\CodeIgniter.php(933): App\Controllers\Home->index()
 8 SYSTEMPATH\CodeIgniter.php(509): CodeIgniter\CodeIgniter->runController(Object(App\Controllers\Home))
 9 SYSTEMPATH\CodeIgniter.php(355): CodeIgniter\CodeIgniter->handleRequest(null, Object(Config\Cache), false)
10 SYSTEMPATH\Boot.php(325): CodeIgniter\CodeIgniter->run()
11 SYSTEMPATH\Boot.php(67): CodeIgniter\Boot::runCodeIgniter(Object(CodeIgniter\CodeIgniter))
12 FCPATH\index.php(56): CodeIgniter\Boot::bootWeb(Object(Config\Paths))
ERROR - 2024-09-13 22:05:36 --> mysqli_sql_exception: Unknown column 'd.ID_dispositivo' in 'on clause' in C:\xampp\htdocs\pagina_web\pagina_web\system\Database\MySQLi\Connection.php:312
Stack trace:
#0 C:\xampp\htdocs\pagina_web\pagina_web\system\Database\MySQLi\Connection.php(312): mysqli->query('SELECT `u`.`nom...', 0)
#1 C:\xampp\htdocs\pagina_web\pagina_web\system\Database\BaseConnection.php(734): CodeIgniter\Database\MySQLi\Connection->execute('SELECT `u`.`nom...')
#2 C:\xampp\htdocs\pagina_web\pagina_web\system\Database\BaseConnection.php(648): CodeIgniter\Database\BaseConnection->simpleQuery('SELECT `u`.`nom...')
#3 C:\xampp\htdocs\pagina_web\pagina_web\system\Database\BaseBuilder.php(1644): CodeIgniter\Database\BaseConnection->query('SELECT `u`.`nom...', Array, false)
#4 C:\xampp\htdocs\pagina_web\pagina_web\app\Models\Esp32.php(22): CodeIgniter\Database\BaseBuilder->get()
#5 C:\xampp\htdocs\pagina_web\pagina_web\app\Controllers\Home.php(17): App\Models\Esp32->getEsp32byUser('4')
#6 C:\xampp\htdocs\pagina_web\pagina_web\system\CodeIgniter.php(933): App\Controllers\Home->index()
#7 C:\xampp\htdocs\pagina_web\pagina_web\system\CodeIgniter.php(509): CodeIgniter\CodeIgniter->runController(Object(App\Controllers\Home))
#8 C:\xampp\htdocs\pagina_web\pagina_web\system\CodeIgniter.php(355): CodeIgniter\CodeIgniter->handleRequest(NULL, Object(Config\Cache), false)
#9 C:\xampp\htdocs\pagina_web\pagina_web\system\Boot.php(325): CodeIgniter\CodeIgniter->run()
#10 C:\xampp\htdocs\pagina_web\pagina_web\system\Boot.php(67): CodeIgniter\Boot::runCodeIgniter(Object(CodeIgniter\CodeIgniter))
#11 C:\xampp\htdocs\pagina_web\pagina_web\public\index.php(56): CodeIgniter\Boot::bootWeb(Object(Config\Paths))
#12 {main}
CRITICAL - 2024-09-13 22:05:36 --> CodeIgniter\Database\Exceptions\DatabaseException: Unknown column 'd.ID_dispositivo' in 'on clause'
[Method: GET, Route: /]
in SYSTEMPATH\Database\BaseConnection.php on line 688.
 1 SYSTEMPATH\Database\BaseBuilder.php(1644): CodeIgniter\Database\BaseConnection->query('SELECT `u`.`nombre_usuario`, `e`.`ubicacion`
FROM `disp_esp32` `e`
JOIN `dispositivos` `d` ON `d`.`ID_esp32` = `e`.`ID_dispositivo`
JOIN `acceso_usuarios` `au` ON `au`.`ID_dispositivo` = `d`.`ID_dispositivo`
JOIN `usuarios` `u` ON `u`.`ID_usuario` = `au`.`ID_usuario`
WHERE `u`.`ID_usuario` = :u.ID_usuario:
GROUP BY `u`.`ID_usuario`, `e`.`ID_dispositivo`', [...], false)
 2 APPPATH\Models\Esp32.php(22): CodeIgniter\Database\BaseBuilder->get()
 3 APPPATH\Controllers\Home.php(17): App\Models\Esp32->getEsp32byUser('4')
 4 SYSTEMPATH\CodeIgniter.php(933): App\Controllers\Home->index()
 5 SYSTEMPATH\CodeIgniter.php(509): CodeIgniter\CodeIgniter->runController(Object(App\Controllers\Home))
 6 SYSTEMPATH\CodeIgniter.php(355): CodeIgniter\CodeIgniter->handleRequest(null, Object(Config\Cache), false)
 7 SYSTEMPATH\Boot.php(325): CodeIgniter\CodeIgniter->run()
 8 SYSTEMPATH\Boot.php(67): CodeIgniter\Boot::runCodeIgniter(Object(CodeIgniter\CodeIgniter))
 9 FCPATH\index.php(56): CodeIgniter\Boot::bootWeb(Object(Config\Paths))
CRITICAL - 2024-09-13 22:05:36 --> [Caused by] CodeIgniter\Database\Exceptions\DatabaseException: Unknown column 'd.ID_dispositivo' in 'on clause'
in SYSTEMPATH\Database\MySQLi\Connection.php on line 317.
 1 SYSTEMPATH\Database\BaseConnection.php(734): CodeIgniter\Database\MySQLi\Connection->execute('SELECT `u`.`nombre_usuario`, `e`.`ubicacion`
FROM `disp_esp32` `e`
JOIN `dispositivos` `d` ON `d`.`ID_esp32` = `e`.`ID_dispositivo`
JOIN `acceso_usuarios` `au` ON `au`.`ID_dispositivo` = `d`.`ID_dispositivo`
JOIN `usuarios` `u` ON `u`.`ID_usuario` = `au`.`ID_usuario`
WHERE `u`.`ID_usuario` = \'4\'
GROUP BY `u`.`ID_usuario`, `e`.`ID_dispositivo`')
 2 SYSTEMPATH\Database\BaseConnection.php(648): CodeIgniter\Database\BaseConnection->simpleQuery('SELECT `u`.`nombre_usuario`, `e`.`ubicacion`
FROM `disp_esp32` `e`
JOIN `dispositivos` `d` ON `d`.`ID_esp32` = `e`.`ID_dispositivo`
JOIN `acceso_usuarios` `au` ON `au`.`ID_dispositivo` = `d`.`ID_dispositivo`
JOIN `usuarios` `u` ON `u`.`ID_usuario` = `au`.`ID_usuario`
WHERE `u`.`ID_usuario` = \'4\'
GROUP BY `u`.`ID_usuario`, `e`.`ID_dispositivo`')
 3 SYSTEMPATH\Database\BaseBuilder.php(1644): CodeIgniter\Database\BaseConnection->query('SELECT `u`.`nombre_usuario`, `e`.`ubicacion`
FROM `disp_esp32` `e`
JOIN `dispositivos` `d` ON `d`.`ID_esp32` = `e`.`ID_dispositivo`
JOIN `acceso_usuarios` `au` ON `au`.`ID_dispositivo` = `d`.`ID_dispositivo`
JOIN `usuarios` `u` ON `u`.`ID_usuario` = `au`.`ID_usuario`
WHERE `u`.`ID_usuario` = :u.ID_usuario:
GROUP BY `u`.`ID_usuario`, `e`.`ID_dispositivo`', [...], false)
 4 APPPATH\Models\Esp32.php(22): CodeIgniter\Database\BaseBuilder->get()
 5 APPPATH\Controllers\Home.php(17): App\Models\Esp32->getEsp32byUser('4')
 6 SYSTEMPATH\CodeIgniter.php(933): App\Controllers\Home->index()
 7 SYSTEMPATH\CodeIgniter.php(509): CodeIgniter\CodeIgniter->runController(Object(App\Controllers\Home))
 8 SYSTEMPATH\CodeIgniter.php(355): CodeIgniter\CodeIgniter->handleRequest(null, Object(Config\Cache), false)
 9 SYSTEMPATH\Boot.php(325): CodeIgniter\CodeIgniter->run()
10 SYSTEMPATH\Boot.php(67): CodeIgniter\Boot::runCodeIgniter(Object(CodeIgniter\CodeIgniter))
11 FCPATH\index.php(56): CodeIgniter\Boot::bootWeb(Object(Config\Paths))
CRITICAL - 2024-09-13 22:05:36 --> [Caused by] mysqli_sql_exception: Unknown column 'd.ID_dispositivo' in 'on clause'
in SYSTEMPATH\Database\MySQLi\Connection.php on line 312.
 1 SYSTEMPATH\Database\MySQLi\Connection.php(312): mysqli->query('SELECT `u`.`nombre_usuario`, `e`.`ubicacion`
FROM `disp_esp32` `e`
JOIN `dispositivos` `d` ON `d`.`ID_esp32` = `e`.`ID_dispositivo`
JOIN `acceso_usuarios` `au` ON `au`.`ID_dispositivo` = `d`.`ID_dispositivo`
JOIN `usuarios` `u` ON `u`.`ID_usuario` = `au`.`ID_usuario`
WHERE `u`.`ID_usuario` = \'4\'
GROUP BY `u`.`ID_usuario`, `e`.`ID_dispositivo`', 0)
 2 SYSTEMPATH\Database\BaseConnection.php(734): CodeIgniter\Database\MySQLi\Connection->execute('SELECT `u`.`nombre_usuario`, `e`.`ubicacion`
FROM `disp_esp32` `e`
JOIN `dispositivos` `d` ON `d`.`ID_esp32` = `e`.`ID_dispositivo`
JOIN `acceso_usuarios` `au` ON `au`.`ID_dispositivo` = `d`.`ID_dispositivo`
JOIN `usuarios` `u` ON `u`.`ID_usuario` = `au`.`ID_usuario`
WHERE `u`.`ID_usuario` = \'4\'
GROUP BY `u`.`ID_usuario`, `e`.`ID_dispositivo`')
 3 SYSTEMPATH\Database\BaseConnection.php(648): CodeIgniter\Database\BaseConnection->simpleQuery('SELECT `u`.`nombre_usuario`, `e`.`ubicacion`
FROM `disp_esp32` `e`
JOIN `dispositivos` `d` ON `d`.`ID_esp32` = `e`.`ID_dispositivo`
JOIN `acceso_usuarios` `au` ON `au`.`ID_dispositivo` = `d`.`ID_dispositivo`
JOIN `usuarios` `u` ON `u`.`ID_usuario` = `au`.`ID_usuario`
WHERE `u`.`ID_usuario` = \'4\'
GROUP BY `u`.`ID_usuario`, `e`.`ID_dispositivo`')
 4 SYSTEMPATH\Database\BaseBuilder.php(1644): CodeIgniter\Database\BaseConnection->query('SELECT `u`.`nombre_usuario`, `e`.`ubicacion`
FROM `disp_esp32` `e`
JOIN `dispositivos` `d` ON `d`.`ID_esp32` = `e`.`ID_dispositivo`
JOIN `acceso_usuarios` `au` ON `au`.`ID_dispositivo` = `d`.`ID_dispositivo`
JOIN `usuarios` `u` ON `u`.`ID_usuario` = `au`.`ID_usuario`
WHERE `u`.`ID_usuario` = :u.ID_usuario:
GROUP BY `u`.`ID_usuario`, `e`.`ID_dispositivo`', [...], false)
 5 APPPATH\Models\Esp32.php(22): CodeIgniter\Database\BaseBuilder->get()
 6 APPPATH\Controllers\Home.php(17): App\Models\Esp32->getEsp32byUser('4')
 7 SYSTEMPATH\CodeIgniter.php(933): App\Controllers\Home->index()
 8 SYSTEMPATH\CodeIgniter.php(509): CodeIgniter\CodeIgniter->runController(Object(App\Controllers\Home))
 9 SYSTEMPATH\CodeIgniter.php(355): CodeIgniter\CodeIgniter->handleRequest(null, Object(Config\Cache), false)
10 SYSTEMPATH\Boot.php(325): CodeIgniter\CodeIgniter->run()
11 SYSTEMPATH\Boot.php(67): CodeIgniter\Boot::runCodeIgniter(Object(CodeIgniter\CodeIgniter))
12 FCPATH\index.php(56): CodeIgniter\Boot::bootWeb(Object(Config\Paths))
ERROR - 2024-09-13 22:05:38 --> mysqli_sql_exception: Unknown column 'd.ID_dispositivo' in 'on clause' in C:\xampp\htdocs\pagina_web\pagina_web\system\Database\MySQLi\Connection.php:312
Stack trace:
#0 C:\xampp\htdocs\pagina_web\pagina_web\system\Database\MySQLi\Connection.php(312): mysqli->query('SELECT `u`.`nom...', 0)
#1 C:\xampp\htdocs\pagina_web\pagina_web\system\Database\BaseConnection.php(734): CodeIgniter\Database\MySQLi\Connection->execute('SELECT `u`.`nom...')
#2 C:\xampp\htdocs\pagina_web\pagina_web\system\Database\BaseConnection.php(648): CodeIgniter\Database\BaseConnection->simpleQuery('SELECT `u`.`nom...')
#3 C:\xampp\htdocs\pagina_web\pagina_web\system\Database\BaseBuilder.php(1644): CodeIgniter\Database\BaseConnection->query('SELECT `u`.`nom...', Array, false)
#4 C:\xampp\htdocs\pagina_web\pagina_web\app\Models\Esp32.php(22): CodeIgniter\Database\BaseBuilder->get()
#5 C:\xampp\htdocs\pagina_web\pagina_web\app\Controllers\Home.php(17): App\Models\Esp32->getEsp32byUser('4')
#6 C:\xampp\htdocs\pagina_web\pagina_web\system\CodeIgniter.php(933): App\Controllers\Home->index()
#7 C:\xampp\htdocs\pagina_web\pagina_web\system\CodeIgniter.php(509): CodeIgniter\CodeIgniter->runController(Object(App\Controllers\Home))
#8 C:\xampp\htdocs\pagina_web\pagina_web\system\CodeIgniter.php(355): CodeIgniter\CodeIgniter->handleRequest(NULL, Object(Config\Cache), false)
#9 C:\xampp\htdocs\pagina_web\pagina_web\system\Boot.php(325): CodeIgniter\CodeIgniter->run()
#10 C:\xampp\htdocs\pagina_web\pagina_web\system\Boot.php(67): CodeIgniter\Boot::runCodeIgniter(Object(CodeIgniter\CodeIgniter))
#11 C:\xampp\htdocs\pagina_web\pagina_web\public\index.php(56): CodeIgniter\Boot::bootWeb(Object(Config\Paths))
#12 {main}
CRITICAL - 2024-09-13 22:05:38 --> CodeIgniter\Database\Exceptions\DatabaseException: Unknown column 'd.ID_dispositivo' in 'on clause'
[Method: GET, Route: /]
in SYSTEMPATH\Database\BaseConnection.php on line 688.
 1 SYSTEMPATH\Database\BaseBuilder.php(1644): CodeIgniter\Database\BaseConnection->query('SELECT `u`.`nombre_usuario`, `e`.`ubicacion`
FROM `disp_esp32` `e`
JOIN `dispositivos` `d` ON `d`.`ID_esp32` = `e`.`ID_dispositivo`
JOIN `acceso_usuarios` `au` ON `au`.`ID_dispositivo` = `d`.`ID_dispositivo`
JOIN `usuarios` `u` ON `u`.`ID_usuario` = `au`.`ID_usuario`
WHERE `u`.`ID_usuario` = :u.ID_usuario:
GROUP BY `u`.`ID_usuario`, `e`.`ID_dispositivo`', [...], false)
 2 APPPATH\Models\Esp32.php(22): CodeIgniter\Database\BaseBuilder->get()
 3 APPPATH\Controllers\Home.php(17): App\Models\Esp32->getEsp32byUser('4')
 4 SYSTEMPATH\CodeIgniter.php(933): App\Controllers\Home->index()
 5 SYSTEMPATH\CodeIgniter.php(509): CodeIgniter\CodeIgniter->runController(Object(App\Controllers\Home))
 6 SYSTEMPATH\CodeIgniter.php(355): CodeIgniter\CodeIgniter->handleRequest(null, Object(Config\Cache), false)
 7 SYSTEMPATH\Boot.php(325): CodeIgniter\CodeIgniter->run()
 8 SYSTEMPATH\Boot.php(67): CodeIgniter\Boot::runCodeIgniter(Object(CodeIgniter\CodeIgniter))
 9 FCPATH\index.php(56): CodeIgniter\Boot::bootWeb(Object(Config\Paths))
CRITICAL - 2024-09-13 22:05:38 --> [Caused by] CodeIgniter\Database\Exceptions\DatabaseException: Unknown column 'd.ID_dispositivo' in 'on clause'
in SYSTEMPATH\Database\MySQLi\Connection.php on line 317.
 1 SYSTEMPATH\Database\BaseConnection.php(734): CodeIgniter\Database\MySQLi\Connection->execute('SELECT `u`.`nombre_usuario`, `e`.`ubicacion`
FROM `disp_esp32` `e`
JOIN `dispositivos` `d` ON `d`.`ID_esp32` = `e`.`ID_dispositivo`
JOIN `acceso_usuarios` `au` ON `au`.`ID_dispositivo` = `d`.`ID_dispositivo`
JOIN `usuarios` `u` ON `u`.`ID_usuario` = `au`.`ID_usuario`
WHERE `u`.`ID_usuario` = \'4\'
GROUP BY `u`.`ID_usuario`, `e`.`ID_dispositivo`')
 2 SYSTEMPATH\Database\BaseConnection.php(648): CodeIgniter\Database\BaseConnection->simpleQuery('SELECT `u`.`nombre_usuario`, `e`.`ubicacion`
FROM `disp_esp32` `e`
JOIN `dispositivos` `d` ON `d`.`ID_esp32` = `e`.`ID_dispositivo`
JOIN `acceso_usuarios` `au` ON `au`.`ID_dispositivo` = `d`.`ID_dispositivo`
JOIN `usuarios` `u` ON `u`.`ID_usuario` = `au`.`ID_usuario`
WHERE `u`.`ID_usuario` = \'4\'
GROUP BY `u`.`ID_usuario`, `e`.`ID_dispositivo`')
 3 SYSTEMPATH\Database\BaseBuilder.php(1644): CodeIgniter\Database\BaseConnection->query('SELECT `u`.`nombre_usuario`, `e`.`ubicacion`
FROM `disp_esp32` `e`
JOIN `dispositivos` `d` ON `d`.`ID_esp32` = `e`.`ID_dispositivo`
JOIN `acceso_usuarios` `au` ON `au`.`ID_dispositivo` = `d`.`ID_dispositivo`
JOIN `usuarios` `u` ON `u`.`ID_usuario` = `au`.`ID_usuario`
WHERE `u`.`ID_usuario` = :u.ID_usuario:
GROUP BY `u`.`ID_usuario`, `e`.`ID_dispositivo`', [...], false)
 4 APPPATH\Models\Esp32.php(22): CodeIgniter\Database\BaseBuilder->get()
 5 APPPATH\Controllers\Home.php(17): App\Models\Esp32->getEsp32byUser('4')
 6 SYSTEMPATH\CodeIgniter.php(933): App\Controllers\Home->index()
 7 SYSTEMPATH\CodeIgniter.php(509): CodeIgniter\CodeIgniter->runController(Object(App\Controllers\Home))
 8 SYSTEMPATH\CodeIgniter.php(355): CodeIgniter\CodeIgniter->handleRequest(null, Object(Config\Cache), false)
 9 SYSTEMPATH\Boot.php(325): CodeIgniter\CodeIgniter->run()
10 SYSTEMPATH\Boot.php(67): CodeIgniter\Boot::runCodeIgniter(Object(CodeIgniter\CodeIgniter))
11 FCPATH\index.php(56): CodeIgniter\Boot::bootWeb(Object(Config\Paths))
CRITICAL - 2024-09-13 22:05:38 --> [Caused by] mysqli_sql_exception: Unknown column 'd.ID_dispositivo' in 'on clause'
in SYSTEMPATH\Database\MySQLi\Connection.php on line 312.
 1 SYSTEMPATH\Database\MySQLi\Connection.php(312): mysqli->query('SELECT `u`.`nombre_usuario`, `e`.`ubicacion`
FROM `disp_esp32` `e`
JOIN `dispositivos` `d` ON `d`.`ID_esp32` = `e`.`ID_dispositivo`
JOIN `acceso_usuarios` `au` ON `au`.`ID_dispositivo` = `d`.`ID_dispositivo`
JOIN `usuarios` `u` ON `u`.`ID_usuario` = `au`.`ID_usuario`
WHERE `u`.`ID_usuario` = \'4\'
GROUP BY `u`.`ID_usuario`, `e`.`ID_dispositivo`', 0)
 2 SYSTEMPATH\Database\BaseConnection.php(734): CodeIgniter\Database\MySQLi\Connection->execute('SELECT `u`.`nombre_usuario`, `e`.`ubicacion`
FROM `disp_esp32` `e`
JOIN `dispositivos` `d` ON `d`.`ID_esp32` = `e`.`ID_dispositivo`
JOIN `acceso_usuarios` `au` ON `au`.`ID_dispositivo` = `d`.`ID_dispositivo`
JOIN `usuarios` `u` ON `u`.`ID_usuario` = `au`.`ID_usuario`
WHERE `u`.`ID_usuario` = \'4\'
GROUP BY `u`.`ID_usuario`, `e`.`ID_dispositivo`')
 3 SYSTEMPATH\Database\BaseConnection.php(648): CodeIgniter\Database\BaseConnection->simpleQuery('SELECT `u`.`nombre_usuario`, `e`.`ubicacion`
FROM `disp_esp32` `e`
JOIN `dispositivos` `d` ON `d`.`ID_esp32` = `e`.`ID_dispositivo`
JOIN `acceso_usuarios` `au` ON `au`.`ID_dispositivo` = `d`.`ID_dispositivo`
JOIN `usuarios` `u` ON `u`.`ID_usuario` = `au`.`ID_usuario`
WHERE `u`.`ID_usuario` = \'4\'
GROUP BY `u`.`ID_usuario`, `e`.`ID_dispositivo`')
 4 SYSTEMPATH\Database\BaseBuilder.php(1644): CodeIgniter\Database\BaseConnection->query('SELECT `u`.`nombre_usuario`, `e`.`ubicacion`
FROM `disp_esp32` `e`
JOIN `dispositivos` `d` ON `d`.`ID_esp32` = `e`.`ID_dispositivo`
JOIN `acceso_usuarios` `au` ON `au`.`ID_dispositivo` = `d`.`ID_dispositivo`
JOIN `usuarios` `u` ON `u`.`ID_usuario` = `au`.`ID_usuario`
WHERE `u`.`ID_usuario` = :u.ID_usuario:
GROUP BY `u`.`ID_usuario`, `e`.`ID_dispositivo`', [...], false)
 5 APPPATH\Models\Esp32.php(22): CodeIgniter\Database\BaseBuilder->get()
 6 APPPATH\Controllers\Home.php(17): App\Models\Esp32->getEsp32byUser('4')
 7 SYSTEMPATH\CodeIgniter.php(933): App\Controllers\Home->index()
 8 SYSTEMPATH\CodeIgniter.php(509): CodeIgniter\CodeIgniter->runController(Object(App\Controllers\Home))
 9 SYSTEMPATH\CodeIgniter.php(355): CodeIgniter\CodeIgniter->handleRequest(null, Object(Config\Cache), false)
10 SYSTEMPATH\Boot.php(325): CodeIgniter\CodeIgniter->run()
11 SYSTEMPATH\Boot.php(67): CodeIgniter\Boot::runCodeIgniter(Object(CodeIgniter\CodeIgniter))
12 FCPATH\index.php(56): CodeIgniter\Boot::bootWeb(Object(Config\Paths))
ERROR - 2024-09-13 22:24:23 --> Error connecting to the database: mysqli_sql_exception: No se puede establecer una conexión ya que el equipo de destino denegó expresamente dicha conexión in C:\xampp\htdocs\pagina_web\pagina_web\system\Database\MySQLi\Connection.php:186
Stack trace:
#0 C:\xampp\htdocs\pagina_web\pagina_web\system\Database\MySQLi\Connection.php(186): mysqli->real_connect('localhost', 'root', Object(SensitiveParameterValue), 'tesis_g_s2', 3306, '', 0)
#1 C:\xampp\htdocs\pagina_web\pagina_web\system\Database\BaseConnection.php(421): CodeIgniter\Database\MySQLi\Connection->connect(false)
#2 C:\xampp\htdocs\pagina_web\pagina_web\system\Database\BaseConnection.php(616): CodeIgniter\Database\BaseConnection->initialize()
#3 C:\xampp\htdocs\pagina_web\pagina_web\system\Database\BaseBuilder.php(1644): CodeIgniter\Database\BaseConnection->query('SELECT `u`.`nom...', Array, false)
#4 C:\xampp\htdocs\pagina_web\pagina_web\app\Models\Esp32.php(22): CodeIgniter\Database\BaseBuilder->get()
#5 C:\xampp\htdocs\pagina_web\pagina_web\app\Controllers\Home.php(17): App\Models\Esp32->getEsp32byUser('4')
#6 C:\xampp\htdocs\pagina_web\pagina_web\system\CodeIgniter.php(933): App\Controllers\Home->index()
#7 C:\xampp\htdocs\pagina_web\pagina_web\system\CodeIgniter.php(509): CodeIgniter\CodeIgniter->runController(Object(App\Controllers\Home))
#8 C:\xampp\htdocs\pagina_web\pagina_web\system\CodeIgniter.php(355): CodeIgniter\CodeIgniter->handleRequest(NULL, Object(Config\Cache), false)
#9 C:\xampp\htdocs\pagina_web\pagina_web\system\Boot.php(325): CodeIgniter\CodeIgniter->run()
#10 C:\xampp\htdocs\pagina_web\pagina_web\system\Boot.php(67): CodeIgniter\Boot::runCodeIgniter(Object(CodeIgniter\CodeIgniter))
#11 C:\xampp\htdocs\pagina_web\pagina_web\public\index.php(56): CodeIgniter\Boot::bootWeb(Object(Config\Paths))
#12 {main}

Next CodeIgniter\Database\Exceptions\DatabaseException: No se puede establecer una conexión ya que el equipo de destino denegó expresamente dicha conexión in C:\xampp\htdocs\pagina_web\pagina_web\system\Database\MySQLi\Connection.php:231
Stack trace:
#0 C:\xampp\htdocs\pagina_web\pagina_web\system\Database\BaseConnection.php(421): CodeIgniter\Database\MySQLi\Connection->connect(false)
#1 C:\xampp\htdocs\pagina_web\pagina_web\system\Database\BaseConnection.php(616): CodeIgniter\Database\BaseConnection->initialize()
#2 C:\xampp\htdocs\pagina_web\pagina_web\system\Database\BaseBuilder.php(1644): CodeIgniter\Database\BaseConnection->query('SELECT `u`.`nom...', Array, false)
#3 C:\xampp\htdocs\pagina_web\pagina_web\app\Models\Esp32.php(22): CodeIgniter\Database\BaseBuilder->get()
#4 C:\xampp\htdocs\pagina_web\pagina_web\app\Controllers\Home.php(17): App\Models\Esp32->getEsp32byUser('4')
#5 C:\xampp\htdocs\pagina_web\pagina_web\system\CodeIgniter.php(933): App\Controllers\Home->index()
#6 C:\xampp\htdocs\pagina_web\pagina_web\system\CodeIgniter.php(509): CodeIgniter\CodeIgniter->runController(Object(App\Controllers\Home))
#7 C:\xampp\htdocs\pagina_web\pagina_web\system\CodeIgniter.php(355): CodeIgniter\CodeIgniter->handleRequest(NULL, Object(Config\Cache), false)
#8 C:\xampp\htdocs\pagina_web\pagina_web\system\Boot.php(325): CodeIgniter\CodeIgniter->run()
#9 C:\xampp\htdocs\pagina_web\pagina_web\system\Boot.php(67): CodeIgniter\Boot::runCodeIgniter(Object(CodeIgniter\CodeIgniter))
#10 C:\xampp\htdocs\pagina_web\pagina_web\public\index.php(56): CodeIgniter\Boot::bootWeb(Object(Config\Paths))
#11 {main}
CRITICAL - 2024-09-13 22:24:23 --> CodeIgniter\Database\Exceptions\DatabaseException: Unable to connect to the database.
Main connection [MySQLi]: No se puede establecer una conexión ya que el equipo de destino denegó expresamente dicha conexión
[Method: GET, Route: /]
in SYSTEMPATH\Database\BaseConnection.php on line 467.
 1 SYSTEMPATH\Database\BaseConnection.php(616): CodeIgniter\Database\BaseConnection->initialize()
 2 SYSTEMPATH\Database\BaseBuilder.php(1644): CodeIgniter\Database\BaseConnection->query('SELECT `u`.`nombre_usuario`, `e`.`ubicacion`
FROM `disp_esp32` `e`
JOIN `dispositivos` `d` ON `d`.`ID_esp32` = `e`.`ID_dispositivo`
JOIN `acceso_usuarios` `au` ON `au`.`ID_dispositivo` = `d`.`ID_dispositivo`
JOIN `usuarios` `u` ON `u`.`ID_usuario` = `au`.`ID_usuario`
WHERE `u`.`ID_usuario` = :u.ID_usuario:
GROUP BY `u`.`ID_usuario`, `e`.`ID_dispositivo`', [...], false)
 3 APPPATH\Models\Esp32.php(22): CodeIgniter\Database\BaseBuilder->get()
 4 APPPATH\Controllers\Home.php(17): App\Models\Esp32->getEsp32byUser('4')
 5 SYSTEMPATH\CodeIgniter.php(933): App\Controllers\Home->index()
 6 SYSTEMPATH\CodeIgniter.php(509): CodeIgniter\CodeIgniter->runController(Object(App\Controllers\Home))
 7 SYSTEMPATH\CodeIgniter.php(355): CodeIgniter\CodeIgniter->handleRequest(null, Object(Config\Cache), false)
 8 SYSTEMPATH\Boot.php(325): CodeIgniter\CodeIgniter->run()
 9 SYSTEMPATH\Boot.php(67): CodeIgniter\Boot::runCodeIgniter(Object(CodeIgniter\CodeIgniter))
10 FCPATH\index.php(56): CodeIgniter\Boot::bootWeb(Object(Config\Paths))
CRITICAL - 2024-09-13 22:25:48 --> ErrorException: Undefined variable $d
[Method: GET, Route: /]
in APPPATH\Views\inicio.php on line 73.
 1 APPPATH\Views\inicio.php(73): CodeIgniter\Debug\Exceptions->errorHandler(2, 'Undefined variable $d', 'C:\\xampp\\htdocs\\pagina_web\\pagina_web\\app\\Views\\inicio.php', 73)
 2 SYSTEMPATH\View\View.php(234): include('C:\\xampp\\htdocs\\pagina_web\\pagina_web\\app\\Views\\inicio.php')
 3 SYSTEMPATH\View\View.php(237): CodeIgniter\View\View->CodeIgniter\View\{closure}()
 4 SYSTEMPATH\Common.php(1169): CodeIgniter\View\View->render('inicio', [], true)
 5 APPPATH\Controllers\Home.php(18): view('inicio', [...])
 6 SYSTEMPATH\CodeIgniter.php(933): App\Controllers\Home->index()
 7 SYSTEMPATH\CodeIgniter.php(509): CodeIgniter\CodeIgniter->runController(Object(App\Controllers\Home))
 8 SYSTEMPATH\CodeIgniter.php(355): CodeIgniter\CodeIgniter->handleRequest(null, Object(Config\Cache), false)
 9 SYSTEMPATH\Boot.php(325): CodeIgniter\CodeIgniter->run()
10 SYSTEMPATH\Boot.php(67): CodeIgniter\Boot::runCodeIgniter(Object(CodeIgniter\CodeIgniter))
11 FCPATH\index.php(56): CodeIgniter\Boot::bootWeb(Object(Config\Paths))
CRITICAL - 2024-09-13 22:25:49 --> ErrorException: Undefined variable $d
[Method: GET, Route: /]
in APPPATH\Views\inicio.php on line 73.
 1 APPPATH\Views\inicio.php(73): CodeIgniter\Debug\Exceptions->errorHandler(2, 'Undefined variable $d', 'C:\\xampp\\htdocs\\pagina_web\\pagina_web\\app\\Views\\inicio.php', 73)
 2 SYSTEMPATH\View\View.php(234): include('C:\\xampp\\htdocs\\pagina_web\\pagina_web\\app\\Views\\inicio.php')
 3 SYSTEMPATH\View\View.php(237): CodeIgniter\View\View->CodeIgniter\View\{closure}()
 4 SYSTEMPATH\Common.php(1169): CodeIgniter\View\View->render('inicio', [], true)
 5 APPPATH\Controllers\Home.php(18): view('inicio', [...])
 6 SYSTEMPATH\CodeIgniter.php(933): App\Controllers\Home->index()
 7 SYSTEMPATH\CodeIgniter.php(509): CodeIgniter\CodeIgniter->runController(Object(App\Controllers\Home))
 8 SYSTEMPATH\CodeIgniter.php(355): CodeIgniter\CodeIgniter->handleRequest(null, Object(Config\Cache), false)
 9 SYSTEMPATH\Boot.php(325): CodeIgniter\CodeIgniter->run()
10 SYSTEMPATH\Boot.php(67): CodeIgniter\Boot::runCodeIgniter(Object(CodeIgniter\CodeIgniter))
11 FCPATH\index.php(56): CodeIgniter\Boot::bootWeb(Object(Config\Paths))
CRITICAL - 2024-09-13 22:26:00 --> ErrorException: Undefined variable $d
[Method: GET, Route: /]
in APPPATH\Views\inicio.php on line 73.
 1 APPPATH\Views\inicio.php(73): CodeIgniter\Debug\Exceptions->errorHandler(2, 'Undefined variable $d', 'C:\\xampp\\htdocs\\pagina_web\\pagina_web\\app\\Views\\inicio.php', 73)
 2 SYSTEMPATH\View\View.php(234): include('C:\\xampp\\htdocs\\pagina_web\\pagina_web\\app\\Views\\inicio.php')
 3 SYSTEMPATH\View\View.php(237): CodeIgniter\View\View->CodeIgniter\View\{closure}()
 4 SYSTEMPATH\Common.php(1169): CodeIgniter\View\View->render('inicio', [], true)
 5 APPPATH\Controllers\Home.php(18): view('inicio', [...])
 6 SYSTEMPATH\CodeIgniter.php(933): App\Controllers\Home->index()
 7 SYSTEMPATH\CodeIgniter.php(509): CodeIgniter\CodeIgniter->runController(Object(App\Controllers\Home))
 8 SYSTEMPATH\CodeIgniter.php(355): CodeIgniter\CodeIgniter->handleRequest(null, Object(Config\Cache), false)
 9 SYSTEMPATH\Boot.php(325): CodeIgniter\CodeIgniter->run()
10 SYSTEMPATH\Boot.php(67): CodeIgniter\Boot::runCodeIgniter(Object(CodeIgniter\CodeIgniter))
11 FCPATH\index.php(56): CodeIgniter\Boot::bootWeb(Object(Config\Paths))
CRITICAL - 2024-09-13 22:26:22 --> ErrorException: Undefined array key "ID_dispositivo"
[Method: GET, Route: /]
in APPPATH\Views\inicio.php on line 73.
 1 APPPATH\Views\inicio.php(73): CodeIgniter\Debug\Exceptions->errorHandler(2, 'Undefined array key "ID_dispositivo"', 'C:\\xampp\\htdocs\\pagina_web\\pagina_web\\app\\Views\\inicio.php', 73)
 2 SYSTEMPATH\View\View.php(234): include('C:\\xampp\\htdocs\\pagina_web\\pagina_web\\app\\Views\\inicio.php')
 3 SYSTEMPATH\View\View.php(237): CodeIgniter\View\View->CodeIgniter\View\{closure}()
 4 SYSTEMPATH\Common.php(1169): CodeIgniter\View\View->render('inicio', [], true)
 5 APPPATH\Controllers\Home.php(18): view('inicio', [...])
 6 SYSTEMPATH\CodeIgniter.php(933): App\Controllers\Home->index()
 7 SYSTEMPATH\CodeIgniter.php(509): CodeIgniter\CodeIgniter->runController(Object(App\Controllers\Home))
 8 SYSTEMPATH\CodeIgniter.php(355): CodeIgniter\CodeIgniter->handleRequest(null, Object(Config\Cache), false)
 9 SYSTEMPATH\Boot.php(325): CodeIgniter\CodeIgniter->run()
10 SYSTEMPATH\Boot.php(67): CodeIgniter\Boot::runCodeIgniter(Object(CodeIgniter\CodeIgniter))
11 FCPATH\index.php(56): CodeIgniter\Boot::bootWeb(Object(Config\Paths))
CRITICAL - 2024-09-13 22:26:54 --> ErrorException: Undefined array key "ID_dispositivo"
[Method: GET, Route: /]
in APPPATH\Views\inicio.php on line 73.
 1 APPPATH\Views\inicio.php(73): CodeIgniter\Debug\Exceptions->errorHandler(2, 'Undefined array key "ID_dispositivo"', 'C:\\xampp\\htdocs\\pagina_web\\pagina_web\\app\\Views\\inicio.php', 73)
 2 SYSTEMPATH\View\View.php(234): include('C:\\xampp\\htdocs\\pagina_web\\pagina_web\\app\\Views\\inicio.php')
 3 SYSTEMPATH\View\View.php(237): CodeIgniter\View\View->CodeIgniter\View\{closure}()
 4 SYSTEMPATH\Common.php(1169): CodeIgniter\View\View->render('inicio', [], true)
 5 APPPATH\Controllers\Home.php(18): view('inicio', [...])
 6 SYSTEMPATH\CodeIgniter.php(933): App\Controllers\Home->index()
 7 SYSTEMPATH\CodeIgniter.php(509): CodeIgniter\CodeIgniter->runController(Object(App\Controllers\Home))
 8 SYSTEMPATH\CodeIgniter.php(355): CodeIgniter\CodeIgniter->handleRequest(null, Object(Config\Cache), false)
 9 SYSTEMPATH\Boot.php(325): CodeIgniter\CodeIgniter->run()
10 SYSTEMPATH\Boot.php(67): CodeIgniter\Boot::runCodeIgniter(Object(CodeIgniter\CodeIgniter))
11 FCPATH\index.php(56): CodeIgniter\Boot::bootWeb(Object(Config\Paths))
CRITICAL - 2024-09-13 22:26:54 --> ErrorException: Undefined array key "ID_dispositivo"
[Method: GET, Route: /]
in APPPATH\Views\inicio.php on line 73.
 1 APPPATH\Views\inicio.php(73): CodeIgniter\Debug\Exceptions->errorHandler(2, 'Undefined array key "ID_dispositivo"', 'C:\\xampp\\htdocs\\pagina_web\\pagina_web\\app\\Views\\inicio.php', 73)
 2 SYSTEMPATH\View\View.php(234): include('C:\\xampp\\htdocs\\pagina_web\\pagina_web\\app\\Views\\inicio.php')
 3 SYSTEMPATH\View\View.php(237): CodeIgniter\View\View->CodeIgniter\View\{closure}()
 4 SYSTEMPATH\Common.php(1169): CodeIgniter\View\View->render('inicio', [], true)
 5 APPPATH\Controllers\Home.php(18): view('inicio', [...])
 6 SYSTEMPATH\CodeIgniter.php(933): App\Controllers\Home->index()
 7 SYSTEMPATH\CodeIgniter.php(509): CodeIgniter\CodeIgniter->runController(Object(App\Controllers\Home))
 8 SYSTEMPATH\CodeIgniter.php(355): CodeIgniter\CodeIgniter->handleRequest(null, Object(Config\Cache), false)
 9 SYSTEMPATH\Boot.php(325): CodeIgniter\CodeIgniter->run()
10 SYSTEMPATH\Boot.php(67): CodeIgniter\Boot::runCodeIgniter(Object(CodeIgniter\CodeIgniter))
11 FCPATH\index.php(56): CodeIgniter\Boot::bootWeb(Object(Config\Paths))
CRITICAL - 2024-09-13 22:28:08 --> ErrorException: Undefined array key 0
[Method: GET, Route: /]
in APPPATH\Views\inicio.php on line 73.
 1 APPPATH\Views\inicio.php(73): CodeIgniter\Debug\Exceptions->errorHandler(2, 'Undefined array key 0', 'C:\\xampp\\htdocs\\pagina_web\\pagina_web\\app\\Views\\inicio.php', 73)
 2 SYSTEMPATH\View\View.php(234): include('C:\\xampp\\htdocs\\pagina_web\\pagina_web\\app\\Views\\inicio.php')
 3 SYSTEMPATH\View\View.php(237): CodeIgniter\View\View->CodeIgniter\View\{closure}()
 4 SYSTEMPATH\Common.php(1169): CodeIgniter\View\View->render('inicio', [], true)
 5 APPPATH\Controllers\Home.php(18): view('inicio', [...])
 6 SYSTEMPATH\CodeIgniter.php(933): App\Controllers\Home->index()
 7 SYSTEMPATH\CodeIgniter.php(509): CodeIgniter\CodeIgniter->runController(Object(App\Controllers\Home))
 8 SYSTEMPATH\CodeIgniter.php(355): CodeIgniter\CodeIgniter->handleRequest(null, Object(Config\Cache), false)
 9 SYSTEMPATH\Boot.php(325): CodeIgniter\CodeIgniter->run()
10 SYSTEMPATH\Boot.php(67): CodeIgniter\Boot::runCodeIgniter(Object(CodeIgniter\CodeIgniter))
11 FCPATH\index.php(56): CodeIgniter\Boot::bootWeb(Object(Config\Paths))
CRITICAL - 2024-09-13 22:31:15 --> ErrorException: Undefined array key "ID_dispositivo"
[Method: GET, Route: /]
in APPPATH\Views\inicio.php on line 73.
 1 APPPATH\Views\inicio.php(73): CodeIgniter\Debug\Exceptions->errorHandler(2, 'Undefined array key "ID_dispositivo"', 'C:\\xampp\\htdocs\\pagina_web\\pagina_web\\app\\Views\\inicio.php', 73)
 2 SYSTEMPATH\View\View.php(234): include('C:\\xampp\\htdocs\\pagina_web\\pagina_web\\app\\Views\\inicio.php')
 3 SYSTEMPATH\View\View.php(237): CodeIgniter\View\View->CodeIgniter\View\{closure}()
 4 SYSTEMPATH\Common.php(1169): CodeIgniter\View\View->render('inicio', [], true)
 5 APPPATH\Controllers\Home.php(18): view('inicio', [...])
 6 SYSTEMPATH\CodeIgniter.php(933): App\Controllers\Home->index()
 7 SYSTEMPATH\CodeIgniter.php(509): CodeIgniter\CodeIgniter->runController(Object(App\Controllers\Home))
 8 SYSTEMPATH\CodeIgniter.php(355): CodeIgniter\CodeIgniter->handleRequest(null, Object(Config\Cache), false)
 9 SYSTEMPATH\Boot.php(325): CodeIgniter\CodeIgniter->run()
10 SYSTEMPATH\Boot.php(67): CodeIgniter\Boot::runCodeIgniter(Object(CodeIgniter\CodeIgniter))
11 FCPATH\index.php(56): CodeIgniter\Boot::bootWeb(Object(Config\Paths))
CRITICAL - 2024-09-13 23:10:13 --> ParseError: syntax error, unexpected token "}"
[Method: GET, Route: /]
in APPPATH\Models\Esp32.php on line 35.
 1 SYSTEMPATH\Autoloader\Autoloader.php(296): CodeIgniter\Autoloader\Autoloader->includeFile('C:\\xampp\\htdocs\\pagina_web\\pagina_web\\app\\Models\\Esp32.php')
 2 SYSTEMPATH\Autoloader\Autoloader.php(272): CodeIgniter\Autoloader\Autoloader->loadInNamespace('App\\Models\\Esp32')
 3 APPPATH\Controllers\Home.php(16): CodeIgniter\Autoloader\Autoloader->loadClass('App\\Models\\Esp32')
 4 SYSTEMPATH\CodeIgniter.php(933): App\Controllers\Home->index()
 5 SYSTEMPATH\CodeIgniter.php(509): CodeIgniter\CodeIgniter->runController(Object(App\Controllers\Home))
 6 SYSTEMPATH\CodeIgniter.php(355): CodeIgniter\CodeIgniter->handleRequest(null, Object(Config\Cache), false)
 7 SYSTEMPATH\Boot.php(325): CodeIgniter\CodeIgniter->run()
 8 SYSTEMPATH\Boot.php(67): CodeIgniter\Boot::runCodeIgniter(Object(CodeIgniter\CodeIgniter))
 9 FCPATH\index.php(56): CodeIgniter\Boot::bootWeb(Object(Config\Paths))
CRITICAL - 2024-09-13 23:21:26 --> ErrorException: New expressions are not supported in this context
[Method: POST, Route: esp32]
in APPPATH\Controllers\Esp32C.php on line 9.
 1 [internal function]: CodeIgniter\Debug\Exceptions->shutdownHandler()
CRITICAL - 2024-09-13 23:22:16 --> ErrorException: New expressions are not supported in this context
[Method: POST, Route: esp32]
in APPPATH\Controllers\Esp32C.php on line 9.
 1 [internal function]: CodeIgniter\Debug\Exceptions->shutdownHandler()
