<<<<<<< HEAD
CRITICAL - 2024-09-03 20:58:50 --> ErrorException: Array to string conversion
[Method: GET, Route: /]
in APPPATH\Views\login.php on line 38.
 1 APPPATH\Views\login.php(38): CodeIgniter\Debug\Exceptions->errorHandler(2, 'Array to string conversion', 'C:\\xampp\\htdocs\\pagina_web\\pagina_web\\app\\Views\\login.php', 38)
 2 SYSTEMPATH\View\View.php(234): include('C:\\xampp\\htdocs\\pagina_web\\pagina_web\\app\\Views\\login.php')
 3 SYSTEMPATH\View\View.php(237): CodeIgniter\View\View->CodeIgniter\View\{closure}()
 4 SYSTEMPATH\Common.php(1169): CodeIgniter\View\View->render('login', [], true)
 5 APPPATH\Controllers\Home.php(17): view('login')
 6 SYSTEMPATH\CodeIgniter.php(933): App\Controllers\Home->index()
 7 SYSTEMPATH\CodeIgniter.php(509): CodeIgniter\CodeIgniter->runController(Object(App\Controllers\Home))
 8 SYSTEMPATH\CodeIgniter.php(355): CodeIgniter\CodeIgniter->handleRequest(null, Object(Config\Cache), false)
 9 SYSTEMPATH\Boot.php(325): CodeIgniter\CodeIgniter->run()
10 SYSTEMPATH\Boot.php(67): CodeIgniter\Boot::runCodeIgniter(Object(CodeIgniter\CodeIgniter))
11 FCPATH\index.php(56): CodeIgniter\Boot::bootWeb(Object(Config\Paths))
=======
ERROR - 2024-09-03 19:24:38 --> Error connecting to the database: mysqli_sql_exception: Unknown database 'tesis_g_s' in C:\xampp\htdocs\pagina_web\pagina_web\system\Database\MySQLi\Connection.php:186
Stack trace:
#0 C:\xampp\htdocs\pagina_web\pagina_web\system\Database\MySQLi\Connection.php(186): mysqli->real_connect('localhost', 'root', Object(SensitiveParameterValue), 'tesis_g_s', 3306, '', 0)
#1 C:\xampp\htdocs\pagina_web\pagina_web\system\Database\BaseConnection.php(421): CodeIgniter\Database\MySQLi\Connection->connect(false)
#2 C:\xampp\htdocs\pagina_web\pagina_web\system\Database\BaseConnection.php(616): CodeIgniter\Database\BaseConnection->initialize()
#3 C:\xampp\htdocs\pagina_web\pagina_web\system\Database\BaseBuilder.php(1644): CodeIgniter\Database\BaseConnection->query('SELECT *\nFROM `...', Array, false)
#4 C:\xampp\htdocs\pagina_web\pagina_web\app\Models\Usuarios.php(14): CodeIgniter\Database\BaseBuilder->get()
#5 C:\xampp\htdocs\pagina_web\pagina_web\app\Controllers\Session.php(113): App\Models\Usuarios->getUser(Array)
#6 C:\xampp\htdocs\pagina_web\pagina_web\system\CodeIgniter.php(933): App\Controllers\Session->register()
#7 C:\xampp\htdocs\pagina_web\pagina_web\system\CodeIgniter.php(509): CodeIgniter\CodeIgniter->runController(Object(App\Controllers\Session))
#8 C:\xampp\htdocs\pagina_web\pagina_web\system\CodeIgniter.php(355): CodeIgniter\CodeIgniter->handleRequest(NULL, Object(Config\Cache), false)
#9 C:\xampp\htdocs\pagina_web\pagina_web\system\Boot.php(325): CodeIgniter\CodeIgniter->run()
#10 C:\xampp\htdocs\pagina_web\pagina_web\system\Boot.php(67): CodeIgniter\Boot::runCodeIgniter(Object(CodeIgniter\CodeIgniter))
#11 C:\xampp\htdocs\pagina_web\pagina_web\public\index.php(56): CodeIgniter\Boot::bootWeb(Object(Config\Paths))
#12 {main}

Next CodeIgniter\Database\Exceptions\DatabaseException: Unknown database 'tesis_g_s' in C:\xampp\htdocs\pagina_web\pagina_web\system\Database\MySQLi\Connection.php:231
Stack trace:
#0 C:\xampp\htdocs\pagina_web\pagina_web\system\Database\BaseConnection.php(421): CodeIgniter\Database\MySQLi\Connection->connect(false)
#1 C:\xampp\htdocs\pagina_web\pagina_web\system\Database\BaseConnection.php(616): CodeIgniter\Database\BaseConnection->initialize()
#2 C:\xampp\htdocs\pagina_web\pagina_web\system\Database\BaseBuilder.php(1644): CodeIgniter\Database\BaseConnection->query('SELECT *\nFROM `...', Array, false)
#3 C:\xampp\htdocs\pagina_web\pagina_web\app\Models\Usuarios.php(14): CodeIgniter\Database\BaseBuilder->get()
#4 C:\xampp\htdocs\pagina_web\pagina_web\app\Controllers\Session.php(113): App\Models\Usuarios->getUser(Array)
#5 C:\xampp\htdocs\pagina_web\pagina_web\system\CodeIgniter.php(933): App\Controllers\Session->register()
#6 C:\xampp\htdocs\pagina_web\pagina_web\system\CodeIgniter.php(509): CodeIgniter\CodeIgniter->runController(Object(App\Controllers\Session))
#7 C:\xampp\htdocs\pagina_web\pagina_web\system\CodeIgniter.php(355): CodeIgniter\CodeIgniter->handleRequest(NULL, Object(Config\Cache), false)
#8 C:\xampp\htdocs\pagina_web\pagina_web\system\Boot.php(325): CodeIgniter\CodeIgniter->run()
#9 C:\xampp\htdocs\pagina_web\pagina_web\system\Boot.php(67): CodeIgniter\Boot::runCodeIgniter(Object(CodeIgniter\CodeIgniter))
#10 C:\xampp\htdocs\pagina_web\pagina_web\public\index.php(56): CodeIgniter\Boot::bootWeb(Object(Config\Paths))
#11 {main}
CRITICAL - 2024-09-03 19:24:38 --> CodeIgniter\Database\Exceptions\DatabaseException: Unable to connect to the database.
Main connection [MySQLi]: Unknown database 'tesis_g_s'
[Method: POST, Route: register]
in SYSTEMPATH\Database\BaseConnection.php on line 467.
 1 SYSTEMPATH\Database\BaseConnection.php(616): CodeIgniter\Database\BaseConnection->initialize()
 2 SYSTEMPATH\Database\BaseBuilder.php(1644): CodeIgniter\Database\BaseConnection->query('SELECT *
FROM `usuarios`
WHERE `nombre_usuario` = :nombre_usuario:
OR `email` = :email:', [...], false)
 3 APPPATH\Models\Usuarios.php(14): CodeIgniter\Database\BaseBuilder->get()
 4 APPPATH\Controllers\Session.php(113): App\Models\Usuarios->getUser([...])
 5 SYSTEMPATH\CodeIgniter.php(933): App\Controllers\Session->register()
 6 SYSTEMPATH\CodeIgniter.php(509): CodeIgniter\CodeIgniter->runController(Object(App\Controllers\Session))
 7 SYSTEMPATH\CodeIgniter.php(355): CodeIgniter\CodeIgniter->handleRequest(null, Object(Config\Cache), false)
 8 SYSTEMPATH\Boot.php(325): CodeIgniter\CodeIgniter->run()
 9 SYSTEMPATH\Boot.php(67): CodeIgniter\Boot::runCodeIgniter(Object(CodeIgniter\CodeIgniter))
10 FCPATH\index.php(56): CodeIgniter\Boot::bootWeb(Object(Config\Paths))
>>>>>>> 34130c3d2f142ff4462db72aea517d165cc360a4
CRITICAL - 2024-09-03 23:25:26 --> CodeIgniter\Database\Exceptions\DatabaseException: You must set the database table to be used with your query.
[Method: POST, Route: set_pw]
in SYSTEMPATH\Database\BaseConnection.php on line 927.
 1 SYSTEMPATH\Model.php(716): CodeIgniter\Database\BaseConnection->table(null)
 2 SYSTEMPATH\Model.php(922): CodeIgniter\Model->builder()
 3 APPPATH\Controllers\Users.php(152): CodeIgniter\Model->__call('updatePassword', [...])
 4 SYSTEMPATH\CodeIgniter.php(933): App\Controllers\Users->updatePw()
 5 SYSTEMPATH\CodeIgniter.php(509): CodeIgniter\CodeIgniter->runController(Object(App\Controllers\Users))
 6 SYSTEMPATH\CodeIgniter.php(355): CodeIgniter\CodeIgniter->handleRequest(null, Object(Config\Cache), false)
 7 SYSTEMPATH\Boot.php(325): CodeIgniter\CodeIgniter->run()
 8 SYSTEMPATH\Boot.php(67): CodeIgniter\Boot::runCodeIgniter(Object(CodeIgniter\CodeIgniter))
 9 FCPATH\index.php(56): CodeIgniter\Boot::bootWeb(Object(Config\Paths))
